Using pre-set license
Built from '2021.3/staging' branch; Version is '2021.3.10f1 (1c7d0df0160b) revision 1867021'; Using compiler version '192829333'; Build Type 'Release'
OS: 'Windows 11  (10.0.22621) 64bit Core' Language: 'en' Physical Memory: 32620 MB
BatchMode: 1, IsHumanControllingUs: 0, StartBugReporterOnCrash: 0, Is64bit: 1, IsPro: 1

COMMAND LINE ARGUMENTS:
C:\Program Files\Unity\Hub\Editor\2021.3.10f1\Editor\Unity.exe
-adb2
-batchMode
-noUpm
-name
AssetImportWorker0
-projectPath
D:/Projects/Circuit-Puzzle/CircuitPuzzleProject
-logFile
Logs/AssetImportWorker0.log
-srvPort
59819
Successfully changed project path to: D:/Projects/Circuit-Puzzle/CircuitPuzzleProject
D:/Projects/Circuit-Puzzle/CircuitPuzzleProject
[UnityMemory] Configuration Parameters - Can be set up in boot.config
    "memorysetup-bucket-allocator-granularity=16"
    "memorysetup-bucket-allocator-bucket-count=8"
    "memorysetup-bucket-allocator-block-size=33554432"
    "memorysetup-bucket-allocator-block-count=8"
    "memorysetup-main-allocator-block-size=16777216"
    "memorysetup-thread-allocator-block-size=16777216"
    "memorysetup-gfx-main-allocator-block-size=16777216"
    "memorysetup-gfx-thread-allocator-block-size=16777216"
    "memorysetup-cache-allocator-block-size=4194304"
    "memorysetup-typetree-allocator-block-size=2097152"
    "memorysetup-profiler-bucket-allocator-granularity=16"
    "memorysetup-profiler-bucket-allocator-bucket-count=8"
    "memorysetup-profiler-bucket-allocator-block-size=33554432"
    "memorysetup-profiler-bucket-allocator-block-count=8"
    "memorysetup-profiler-allocator-block-size=16777216"
    "memorysetup-profiler-editor-allocator-block-size=1048576"
    "memorysetup-temp-allocator-size-main=16777216"
    "memorysetup-job-temp-allocator-block-size=2097152"
    "memorysetup-job-temp-allocator-block-size-background=1048576"
    "memorysetup-job-temp-allocator-reduction-small-platforms=262144"
    "memorysetup-temp-allocator-size-background-worker=32768"
    "memorysetup-temp-allocator-size-job-worker=262144"
    "memorysetup-temp-allocator-size-preload-manager=33554432"
    "memorysetup-temp-allocator-size-nav-mesh-worker=65536"
    "memorysetup-temp-allocator-size-audio-worker=65536"
    "memorysetup-temp-allocator-size-cloud-worker=32768"
    "memorysetup-temp-allocator-size-gi-baking-worker=262144"
    "memorysetup-temp-allocator-size-gfx=262144"
Refreshing native plugins compatible for Editor in 57.67 ms, found 4 plugins.
Preloading 0 native plugins for Editor in 0.00 ms.
Initialize engine version: 2021.3.10f1 (1c7d0df0160b)
[Subsystems] Discovering subsystems at path C:/Program Files/Unity/Hub/Editor/2021.3.10f1/Editor/Data/Resources/UnitySubsystems
[Subsystems] Discovering subsystems at path D:/Projects/Circuit-Puzzle/CircuitPuzzleProject/Assets
GfxDevice: creating device client; threaded=0; jobified=0
Direct3D:
    Version:  Direct3D 11.0 [level 11.1]
    Renderer: NVIDIA GeForce RTX 3080 (ID=0x2216)
    Vendor:   NVIDIA
    VRAM:     10067 MB
    Driver:   31.0.15.3667
Initialize mono
Mono path[0] = 'C:/Program Files/Unity/Hub/Editor/2021.3.10f1/Editor/Data/Managed'
Mono path[1] = 'C:/Program Files/Unity/Hub/Editor/2021.3.10f1/Editor/Data/MonoBleedingEdge/lib/mono/unityjit-win32'
Mono config path = 'C:/Program Files/Unity/Hub/Editor/2021.3.10f1/Editor/Data/MonoBleedingEdge/etc'
Using monoOptions --debugger-agent=transport=dt_socket,embedding=1,server=y,suspend=n,address=127.0.0.1:56036
Begin MonoManager ReloadAssembly
Registering precompiled unity dll's ...
Register platform support module: C:/Program Files/Unity/Hub/Editor/2021.3.10f1/Editor/Data/PlaybackEngines/AndroidPlayer/UnityEditor.Android.Extensions.dll
Register platform support module: C:/Program Files/Unity/Hub/Editor/2021.3.10f1/Editor/Data/PlaybackEngines/WindowsStandaloneSupport/UnityEditor.WindowsStandalone.Extensions.dll
Registered in 0.003000 seconds.
Native extension for WindowsStandalone target not found
Native extension for Android target not found
Refreshing native plugins compatible for Editor in 59.21 ms, found 4 plugins.
Preloading 0 native plugins for Editor in 0.00 ms.
Mono: successfully reloaded assembly
- Completed reload, in  0.382 seconds
Domain Reload Profiling:
	ReloadAssembly (382ms)
		BeginReloadAssembly (44ms)
			ExecutionOrderSort (0ms)
			DisableScriptedObjects (0ms)
			BackupInstance (0ms)
			ReleaseScriptingObjects (0ms)
			CreateAndSetChildDomain (0ms)
		EndReloadAssembly (277ms)
			LoadAssemblies (43ms)
			RebuildTransferFunctionScriptingTraits (0ms)
			SetupTypeCache (60ms)
			ReleaseScriptCaches (0ms)
			RebuildScriptCaches (15ms)
			SetupLoadedEditorAssemblies (173ms)
				LogAssemblyErrors (0ms)
				InitializePlatformSupportModulesInManaged (33ms)
				SetLoadedEditorAssemblies (0ms)
				RefreshPlugins (59ms)
				BeforeProcessingInitializeOnLoad (1ms)
				ProcessInitializeOnLoadAttributes (55ms)
				ProcessInitializeOnLoadMethodAttributes (24ms)
				AfterProcessingInitializeOnLoad (0ms)
				EditorAssembliesLoaded (0ms)
			ExecutionOrderSort2 (0ms)
			AwakeInstancesAfterBackupRestoration (0ms)
Platform modules already initialized, skipping
Registering precompiled user dll's ...
Registered in 0.002710 seconds.
Begin MonoManager ReloadAssembly
Symbol file LoadedFromMemory doesn't match image D:\Projects\Circuit-Puzzle\CircuitPuzzleProject\Library\PackageCache\com.unity.visualscripting@1.7.8\Editor\VisualScripting.Core\Dependencies\YamlDotNet\Unity.VisualScripting.YamlDotNet.dll
Symbol file LoadedFromMemory doesn't match image D:\Projects\Circuit-Puzzle\CircuitPuzzleProject\Library\PackageCache\com.unity.visualscripting@1.7.8\Editor\VisualScripting.Core\Dependencies\DotNetZip\Unity.VisualScripting.IonicZip.dll
Native extension for WindowsStandalone target not found
Native extension for Android target not found
Refreshing native plugins compatible for Editor in 60.23 ms, found 4 plugins.
Preloading 0 native plugins for Editor in 0.00 ms.
Mono: successfully reloaded assembly
- Completed reload, in  0.901 seconds
Domain Reload Profiling:
	ReloadAssembly (901ms)
		BeginReloadAssembly (201ms)
			ExecutionOrderSort (0ms)
			DisableScriptedObjects (4ms)
			BackupInstance (0ms)
			ReleaseScriptingObjects (0ms)
			CreateAndSetChildDomain (145ms)
		EndReloadAssembly (633ms)
			LoadAssemblies (50ms)
			RebuildTransferFunctionScriptingTraits (0ms)
			SetupTypeCache (169ms)
			ReleaseScriptCaches (0ms)
			RebuildScriptCaches (37ms)
			SetupLoadedEditorAssemblies (351ms)
				LogAssemblyErrors (0ms)
				InitializePlatformSupportModulesInManaged (8ms)
				SetLoadedEditorAssemblies (0ms)
				RefreshPlugins (60ms)
				BeforeProcessingInitializeOnLoad (59ms)
				ProcessInitializeOnLoadAttributes (195ms)
				ProcessInitializeOnLoadMethodAttributes (25ms)
				AfterProcessingInitializeOnLoad (4ms)
				EditorAssembliesLoaded (0ms)
			ExecutionOrderSort2 (0ms)
			AwakeInstancesAfterBackupRestoration (3ms)
Platform modules already initialized, skipping
========================================================================
Worker process is ready to serve import requests
Launched and connected shader compiler UnityShaderCompiler.exe after 0.02 seconds
Refreshing native plugins compatible for Editor in 0.56 ms, found 4 plugins.
Preloading 0 native plugins for Editor in 0.00 ms.
Unloading 4744 Unused Serialized files (Serialized files now loaded: 0)
Unloading 55 unused Assets / (129.0 KB). Loaded Objects now: 5209.
Memory consumption went from 179.2 MB to 179.0 MB.
Total: 3.818000 ms (FindLiveObjects: 0.495200 ms CreateObjectMapping: 0.194100 ms MarkObjects: 3.025000 ms  DeleteObjects: 0.102300 ms)

AssetImportParameters requested are different than current active one (requested -> active):
  custom:video-decoder-ogg-theora: a1e56fd34408186e4bbccfd4996cb3dc -> 
  custom:container-muxer-webm: aa71ff27fc2769a1b78a27578f13a17b -> 
  custom:container-demuxer-webm: 4f35f7cbe854078d1ac9338744f61a02 -> 
  custom:video-encoder-webm-vp8: eb34c28f22e8b96e1ab97ce403110664 -> 
  custom:video-codec-MediaFoundation-h265: 746d11721c4dcdbdad8f713fa42b33f4 -> 
  custom:audio-encoder-webm-vorbis: bf7c407c2cedff20999df2af8eb42d56 -> 
  custom:framework-win-MediaFoundation: 216162199b28c13a410421893ffa2e32 -> 
  custom:container-demuxer-ogg: 62fdf1f143b41e24485cea50d1cbac27 -> 
  custom:video-decoder-webm-vp8: 9c59270c3fd7afecdb556c50c9e8de78 -> 
  custom:audio-decoder-ogg-vorbis: bf7c407c2cedff20999df2af8eb42d56 -> 
========================================================================
Received Import Request.
  Time since last request: 124961.281761 seconds.
  path: Assets/CircuitPuzzle/Dependencies/TextMesh Pro/Shaders/TMPro_Surface.cginc
  artifactKey: Guid(d930090c0cd643c7b55f19a38538c162) Importer(815301076,1909f56bfc062723c751e8b465ee728b)
Start importing Assets/CircuitPuzzle/Dependencies/TextMesh Pro/Shaders/TMPro_Surface.cginc using Guid(d930090c0cd643c7b55f19a38538c162) Importer(815301076,1909f56bfc062723c751e8b465ee728b)  -> (artifact id: '0b707fb793fd60a56581099cf81a197e') in 0.025078 seconds 
========================================================================
Received Import Request.
  Time since last request: 0.000016 seconds.
  path: Assets/CircuitPuzzle/Dependencies/Mini First Person Controller/Audio/Steps.wav
  artifactKey: Guid(f8c14f2814b4b124a894a65c32c44987) Importer(815301076,1909f56bfc062723c751e8b465ee728b)
Start importing Assets/CircuitPuzzle/Dependencies/Mini First Person Controller/Audio/Steps.wav using Guid(f8c14f2814b4b124a894a65c32c44987) Importer(815301076,1909f56bfc062723c751e8b465ee728b)  -> (artifact id: 'dab386c68e2e403ebd089f3ec91c0779') in 0.050159 seconds 
========================================================================
Received Import Request.
  Time since last request: 0.000016 seconds.
  path: Assets/CircuitPuzzle/Dependencies/TextMesh Pro/Shaders
  artifactKey: Guid(e9f693669af91aa45ad615fc681ed29f) Importer(815301076,1909f56bfc062723c751e8b465ee728b)
Start importing Assets/CircuitPuzzle/Dependencies/TextMesh Pro/Shaders using Guid(e9f693669af91aa45ad615fc681ed29f) Importer(815301076,1909f56bfc062723c751e8b465ee728b)  -> (artifact id: '16852098a277b7ddedd49287b21bfbc7') in 0.003497 seconds 
========================================================================
Received Import Request.
  Time since last request: 0.000024 seconds.
  path: Assets/CircuitPuzzle/Dependencies/Mini First Person Controller/Audio/Landing/Landing 3.wav
  artifactKey: Guid(50b288ce0d5ac1e439827c5365c74c31) Importer(815301076,1909f56bfc062723c751e8b465ee728b)
Start importing Assets/CircuitPuzzle/Dependencies/Mini First Person Controller/Audio/Landing/Landing 3.wav using Guid(50b288ce0d5ac1e439827c5365c74c31) Importer(815301076,1909f56bfc062723c751e8b465ee728b)  -> (artifact id: '811f5dbf64daad5847b9ae5e59b2336e') in 0.019656 seconds 
========================================================================
Received Import Request.
  Time since last request: 0.016670 seconds.
  path: Assets/CircuitPuzzle/Dependencies/Prefabs/Models/Powered/Corner Piece.prefab
  artifactKey: Guid(1759c282b03ccf14c830770560de10a8) Importer(815301076,1909f56bfc062723c751e8b465ee728b)
Start importing Assets/CircuitPuzzle/Dependencies/Prefabs/Models/Powered/Corner Piece.prefab using Guid(1759c282b03ccf14c830770560de10a8) Importer(815301076,1909f56bfc062723c751e8b465ee728b)  -> (artifact id: 'e67ff09cba5db950fffe06b8e6d1e2d4') in 0.022421 seconds 
========================================================================
Received Import Request.
  Time since last request: 0.000013 seconds.
  path: Assets/CircuitPuzzle/Dependencies/Prefabs/User Model Testing/Powered/Corner Piece.prefab
  artifactKey: Guid(5b1aa5a310d01c944b2bf9b03b219081) Importer(815301076,1909f56bfc062723c751e8b465ee728b)
Start importing Assets/CircuitPuzzle/Dependencies/Prefabs/User Model Testing/Powered/Corner Piece.prefab using Guid(5b1aa5a310d01c944b2bf9b03b219081) Importer(815301076,1909f56bfc062723c751e8b465ee728b)  -> (artifact id: '3e62bbaf070fe5a6e17c01c91a4cf6f1') in 0.010997 seconds 
========================================================================
Received Import Request.
  Time since last request: 0.000016 seconds.
  path: Assets/CircuitPuzzle/Dependencies/Prefabs/User Model Testing/Powered/End Piece.prefab
  artifactKey: Guid(9a13fe82fda7b8547bfad4a16184c462) Importer(815301076,1909f56bfc062723c751e8b465ee728b)
Start importing Assets/CircuitPuzzle/Dependencies/Prefabs/User Model Testing/Powered/End Piece.prefab using Guid(9a13fe82fda7b8547bfad4a16184c462) Importer(815301076,1909f56bfc062723c751e8b465ee728b)  -> (artifact id: 'f79b2b5e15db773d7ad0ef2175c0b30e') in 0.008427 seconds 
========================================================================
Received Import Request.
  Time since last request: 0.000015 seconds.
  path: Assets/CircuitPuzzle/Dependencies/Mini First Person Controller/Scripts/Components/FirstPersonAudio.cs
  artifactKey: Guid(6f45facc01772ba47a9ae17bb7061b71) Importer(815301076,1909f56bfc062723c751e8b465ee728b)
Start importing Assets/CircuitPuzzle/Dependencies/Mini First Person Controller/Scripts/Components/FirstPersonAudio.cs using Guid(6f45facc01772ba47a9ae17bb7061b71) Importer(815301076,1909f56bfc062723c751e8b465ee728b)  -> (artifact id: '511a93025f4d00ab14fa71dff27b8117') in 0.008412 seconds 
========================================================================
Received Import Request.
  Time since last request: 0.010987 seconds.
  path: Assets/CircuitPuzzle/Dependencies/Scripts/AssetReferences/PuzzleCreatorAssetReferencesSO.cs
  artifactKey: Guid(49bac7e632a1f444c84fc2310a82c1ab) Importer(815301076,1909f56bfc062723c751e8b465ee728b)
Start importing Assets/CircuitPuzzle/Dependencies/Scripts/AssetReferences/PuzzleCreatorAssetReferencesSO.cs using Guid(49bac7e632a1f444c84fc2310a82c1ab) Importer(815301076,1909f56bfc062723c751e8b465ee728b)  -> (artifact id: '26f05db8ae1bf459ebc448aab5026238') in 0.006297 seconds 
========================================================================
Received Import Request.
  Time since last request: 0.000017 seconds.
  path: Assets/CircuitPuzzle/Dependencies/Mini First Person Controller/Audio/Landing
  artifactKey: Guid(68f6b2ea99258924887840591096de7f) Importer(815301076,1909f56bfc062723c751e8b465ee728b)
Start importing Assets/CircuitPuzzle/Dependencies/Mini First Person Controller/Audio/Landing using Guid(68f6b2ea99258924887840591096de7f) Importer(815301076,1909f56bfc062723c751e8b465ee728b)  -> (artifact id: '61f6735529024116d925aebe0df3f6ef') in 0.003527 seconds 
========================================================================
Received Import Request.
  Time since last request: 0.000015 seconds.
  path: Assets/CircuitPuzzle/Dependencies/TextMesh Pro/Resources/LineBreaking Following Characters.txt
  artifactKey: Guid(fade42e8bc714b018fac513c043d323b) Importer(815301076,1909f56bfc062723c751e8b465ee728b)
Start importing Assets/CircuitPuzzle/Dependencies/TextMesh Pro/Resources/LineBreaking Following Characters.txt using Guid(fade42e8bc714b018fac513c043d323b) Importer(815301076,1909f56bfc062723c751e8b465ee728b)  -> (artifact id: 'e7f67ab3dc26da4e8ae25e3f4e491d00') in 0.004930 seconds 
========================================================================
Received Import Request.
  Time since last request: 0.000015 seconds.
  path: Assets/CircuitPuzzle/Dependencies/TextMesh Pro/Fonts
  artifactKey: Guid(6ab70aee4d56447429c680537fbf93ed) Importer(815301076,1909f56bfc062723c751e8b465ee728b)
Start importing Assets/CircuitPuzzle/Dependencies/TextMesh Pro/Fonts using Guid(6ab70aee4d56447429c680537fbf93ed) Importer(815301076,1909f56bfc062723c751e8b465ee728b)  -> (artifact id: '7c35bbd85dc86dd2ef332d439fd9c360') in 0.003348 seconds 
========================================================================
Received Import Request.
  Time since last request: 0.000016 seconds.
  path: Assets/CircuitPuzzle/Dependencies/Prefabs/Pieces/T Piece.prefab
  artifactKey: Guid(f357db82bdd0f7b47b830668fea8bb33) Importer(815301076,1909f56bfc062723c751e8b465ee728b)
Start importing Assets/CircuitPuzzle/Dependencies/Prefabs/Pieces/T Piece.prefab using Guid(f357db82bdd0f7b47b830668fea8bb33) Importer(815301076,1909f56bfc062723c751e8b465ee728b)  -> (artifact id: 'f5f44e7d36c8d301dbacf41e62c97a76') in 0.018139 seconds 
========================================================================
Received Import Request.
  Time since last request: 0.000013 seconds.
  path: Assets/CircuitPuzzle/Circuit Puzzle Basic.prefab
  artifactKey: Guid(3ee10e57e8b706c42b5b0b29b709bd06) Importer(815301076,1909f56bfc062723c751e8b465ee728b)
Start importing Assets/CircuitPuzzle/Circuit Puzzle Basic.prefab using Guid(3ee10e57e8b706c42b5b0b29b709bd06) Importer(815301076,1909f56bfc062723c751e8b465ee728b)  -> (artifact id: '261a14a7990cfcadfa7c21122d278e40') in 0.015222 seconds 
========================================================================
Received Import Request.
  Time since last request: 0.000016 seconds.
  path: Assets/CircuitPuzzle/Dependencies/Scripts/PuzzleCreation/Misc/DeleteIntercept.cs
  artifactKey: Guid(ba41a11a42b7b174087ddec5fb5aaef6) Importer(815301076,1909f56bfc062723c751e8b465ee728b)
Start importing Assets/CircuitPuzzle/Dependencies/Scripts/PuzzleCreation/Misc/DeleteIntercept.cs using Guid(ba41a11a42b7b174087ddec5fb5aaef6) Importer(815301076,1909f56bfc062723c751e8b465ee728b)  -> (artifact id: 'dca031a637ca59c64cf9d9839c3850bf') in 0.007272 seconds 
========================================================================
Received Import Request.
  Time since last request: 0.016324 seconds.
  path: Assets/CircuitPuzzle/Dependencies/Mini First Person Controller/Audio/Crouch/Crouch start 3.wav
  artifactKey: Guid(3e0e4a1bf1a03c24a85ad855f4be231e) Importer(815301076,1909f56bfc062723c751e8b465ee728b)
Start importing Assets/CircuitPuzzle/Dependencies/Mini First Person Controller/Audio/Crouch/Crouch start 3.wav using Guid(3e0e4a1bf1a03c24a85ad855f4be231e) Importer(815301076,1909f56bfc062723c751e8b465ee728b)  -> (artifact id: 'c259da25c972aed5893e5fcdfaa053c9') in 0.007294 seconds 
========================================================================
Received Import Request.
  Time since last request: 0.000792 seconds.
  path: Assets/CircuitPuzzle/Dependencies/Mini First Person Controller/Audio/Jump/Jump 2.wav
  artifactKey: Guid(5b26cf3cd5f6b914a80e6d3476caaf86) Importer(815301076,1909f56bfc062723c751e8b465ee728b)
Start importing Assets/CircuitPuzzle/Dependencies/Mini First Person Controller/Audio/Jump/Jump 2.wav using Guid(5b26cf3cd5f6b914a80e6d3476caaf86) Importer(815301076,1909f56bfc062723c751e8b465ee728b)  -> (artifact id: '9f9d6d49ee1c789d24a0eb3738a67799') in 0.009216 seconds 
========================================================================
Received Import Request.
  Time since last request: 0.016718 seconds.
  path: Assets/CircuitPuzzle/Dependencies/Mini First Person Controller/Audio/Crouch/Crouch end 2.wav
  artifactKey: Guid(e6f44b6fce71be34dbbd6d12cb3d3b8c) Importer(815301076,1909f56bfc062723c751e8b465ee728b)
Start importing Assets/CircuitPuzzle/Dependencies/Mini First Person Controller/Audio/Crouch/Crouch end 2.wav using Guid(e6f44b6fce71be34dbbd6d12cb3d3b8c) Importer(815301076,1909f56bfc062723c751e8b465ee728b)  -> (artifact id: '3a2ff91a9e6a757c76ba49f8ef8cdec8') in 0.006786 seconds 
========================================================================
Received Import Request.
  Time since last request: 0.000014 seconds.
  path: Assets/CircuitPuzzle/Dependencies/Prefabs/User Model Testing/Default/T Piece.prefab
  artifactKey: Guid(54c0e1801474f134f997688cf6852abc) Importer(815301076,1909f56bfc062723c751e8b465ee728b)
Start importing Assets/CircuitPuzzle/Dependencies/Prefabs/User Model Testing/Default/T Piece.prefab using Guid(54c0e1801474f134f997688cf6852abc) Importer(815301076,1909f56bfc062723c751e8b465ee728b)  -> (artifact id: 'c3784f87caf8ee5d6b855b280e9baf87') in 0.007180 seconds 
========================================================================
Received Import Request.
  Time since last request: 0.003231 seconds.
  path: Assets/CircuitPuzzle/Dependencies/Prefabs/User Model Testing/Powered/Start Piece.prefab
  artifactKey: Guid(c71c532f09484e54f86fec1aec7b244a) Importer(815301076,1909f56bfc062723c751e8b465ee728b)
Start importing Assets/CircuitPuzzle/Dependencies/Prefabs/User Model Testing/Powered/Start Piece.prefab using Guid(c71c532f09484e54f86fec1aec7b244a) Importer(815301076,1909f56bfc062723c751e8b465ee728b)  -> (artifact id: 'df6ea1796ad95946248fbbb02ca0fc75') in 0.008438 seconds 
========================================================================
Received Import Request.
  Time since last request: 0.000015 seconds.
  path: Assets/CircuitPuzzle/Dependencies/Materials/Pieces/Base/PieceBase.mat
  artifactKey: Guid(e8fe2370f004f6441b29feb05e8ca5d3) Importer(815301076,1909f56bfc062723c751e8b465ee728b)
Start importing Assets/CircuitPuzzle/Dependencies/Materials/Pieces/Base/PieceBase.mat using Guid(e8fe2370f004f6441b29feb05e8ca5d3) Importer(815301076,1909f56bfc062723c751e8b465ee728b)  -> (artifact id: '1f94062a14b1b5c9d18abdc26ceefa2e') in 0.017570 seconds 
========================================================================
Received Import Request.
  Time since last request: 0.000015 seconds.
  path: Assets/CircuitPuzzle/Dependencies/Mini First Person Controller/Scripts/Components/Crouch.cs
  artifactKey: Guid(27b67ddb3d23b8340b125aede56d7e8c) Importer(815301076,1909f56bfc062723c751e8b465ee728b)
Start importing Assets/CircuitPuzzle/Dependencies/Mini First Person Controller/Scripts/Components/Crouch.cs using Guid(27b67ddb3d23b8340b125aede56d7e8c) Importer(815301076,1909f56bfc062723c751e8b465ee728b)  -> (artifact id: '244e515684af8393c2590eb35d021d19') in 0.005156 seconds 
========================================================================
Received Import Request.
  Time since last request: 0.000014 seconds.
  path: Assets/CircuitPuzzle/Dependencies/TextMesh Pro/Shaders/TMP_Bitmap-Custom-Atlas.shader
  artifactKey: Guid(48bb5f55d8670e349b6e614913f9d910) Importer(815301076,1909f56bfc062723c751e8b465ee728b)
Start importing Assets/CircuitPuzzle/Dependencies/TextMesh Pro/Shaders/TMP_Bitmap-Custom-Atlas.shader using Guid(48bb5f55d8670e349b6e614913f9d910) Importer(815301076,1909f56bfc062723c751e8b465ee728b)  -> (artifact id: '65954fb9a05ca74459e148db563b541c') in 0.004821 seconds 
========================================================================
Received Import Request.
  Time since last request: 0.000014 seconds.
  path: Assets/CircuitPuzzle/Dependencies/Mini First Person Controller/Demo/readme.pdf
  artifactKey: Guid(2d6d961d8f9e0bc4198fc156b2d945a9) Importer(815301076,1909f56bfc062723c751e8b465ee728b)
Start importing Assets/CircuitPuzzle/Dependencies/Mini First Person Controller/Demo/readme.pdf using Guid(2d6d961d8f9e0bc4198fc156b2d945a9) Importer(815301076,1909f56bfc062723c751e8b465ee728b)  -> (artifact id: '2ddfdb9ef8f2a0083b083417aeb2f034') in 0.005204 seconds 
========================================================================
Received Import Request.
  Time since last request: 0.000013 seconds.
  path: Assets/CircuitPuzzle/Dependencies/TextMesh Pro/Resources/Fonts & Materials/LiberationSans SDF.asset
  artifactKey: Guid(8f586378b4e144a9851e7b34d9b748ee) Importer(815301076,1909f56bfc062723c751e8b465ee728b)
Start importing Assets/CircuitPuzzle/Dependencies/TextMesh Pro/Resources/Fonts & Materials/LiberationSans SDF.asset using Guid(8f586378b4e144a9851e7b34d9b748ee) Importer(815301076,1909f56bfc062723c751e8b465ee728b)  -> (artifact id: '96aaa97d1d9709ab0a430702e4a92308') in 0.034933 seconds 
========================================================================
Received Import Request.
  Time since last request: 0.000014 seconds.
  path: Assets/CircuitPuzzle/Dependencies/TextMesh Pro/Resources/Style Sheets/Default Style Sheet.asset
  artifactKey: Guid(f952c082cb03451daed3ee968ac6c63e) Importer(815301076,1909f56bfc062723c751e8b465ee728b)
Start importing Assets/CircuitPuzzle/Dependencies/TextMesh Pro/Resources/Style Sheets/Default Style Sheet.asset using Guid(f952c082cb03451daed3ee968ac6c63e) Importer(815301076,1909f56bfc062723c751e8b465ee728b)  -> (artifact id: 'c72200549b97ff12ff44a36c3fabf96c') in 0.003840 seconds 
========================================================================
Received Import Request.
  Time since last request: 0.000022 seconds.
  path: Assets/CircuitPuzzle/Dependencies/Mini First Person Controller/Scripts/Components/Zoom.cs
  artifactKey: Guid(780f90e951d635f439326ea715cd97e9) Importer(815301076,1909f56bfc062723c751e8b465ee728b)
Start importing Assets/CircuitPuzzle/Dependencies/Mini First Person Controller/Scripts/Components/Zoom.cs using Guid(780f90e951d635f439326ea715cd97e9) Importer(815301076,1909f56bfc062723c751e8b465ee728b)  -> (artifact id: 'e6bccc8e784661fab07e5e784b670895') in 0.003088 seconds 
========================================================================
Received Import Request.
  Time since last request: 0.000013 seconds.
  path: Assets/CircuitPuzzle/Dependencies/Materials/Pieces/Wires/StartingWire.mat
  artifactKey: Guid(2664ef7a3ba33874398589241611dd9e) Importer(815301076,1909f56bfc062723c751e8b465ee728b)
Start importing Assets/CircuitPuzzle/Dependencies/Materials/Pieces/Wires/StartingWire.mat using Guid(2664ef7a3ba33874398589241611dd9e) Importer(815301076,1909f56bfc062723c751e8b465ee728b)  -> (artifact id: '1546474c8645d5cc484d8c947a047921') in 0.007614 seconds 
========================================================================
Received Import Request.
  Time since last request: 0.000014 seconds.
  path: Assets/CircuitPuzzle/Dependencies/Scripts/IngameFunctionality/Piece/ModelContainer.cs
  artifactKey: Guid(b01222e3c56002445b3061ae40e20697) Importer(815301076,1909f56bfc062723c751e8b465ee728b)
Start importing Assets/CircuitPuzzle/Dependencies/Scripts/IngameFunctionality/Piece/ModelContainer.cs using Guid(b01222e3c56002445b3061ae40e20697) Importer(815301076,1909f56bfc062723c751e8b465ee728b)  -> (artifact id: 'f0e8e6d0ea238f22b14ac507b5b34df7') in 0.004991 seconds 
========================================================================
Received Import Request.
  Time since last request: 0.000016 seconds.
  path: Assets/CircuitPuzzle/Dependencies/Mini First Person Controller/Demo/Demo Mini FPC.unity
  artifactKey: Guid(5f2b90ba65c7b244b875e239d5d42650) Importer(815301076,1909f56bfc062723c751e8b465ee728b)
Start importing Assets/CircuitPuzzle/Dependencies/Mini First Person Controller/Demo/Demo Mini FPC.unity using Guid(5f2b90ba65c7b244b875e239d5d42650) Importer(815301076,1909f56bfc062723c751e8b465ee728b)  -> (artifact id: '68dd59332744469797cd89e7d919d074') in 0.004116 seconds 
========================================================================
Received Import Request.
  Time since last request: 0.005369 seconds.
  path: Assets/CircuitPuzzle/Dependencies/Prefabs/Models/Powered/Start Piece.prefab
  artifactKey: Guid(1b5d9cc3eabd7764783b5422c4d7a056) Importer(815301076,1909f56bfc062723c751e8b465ee728b)
Start importing Assets/CircuitPuzzle/Dependencies/Prefabs/Models/Powered/Start Piece.prefab using Guid(1b5d9cc3eabd7764783b5422c4d7a056) Importer(815301076,1909f56bfc062723c751e8b465ee728b)  -> (artifact id: '6757ca6a66b3a058868b9a3462c0cee5') in 0.007547 seconds 
========================================================================
Received Import Request.
  Time since last request: 0.000013 seconds.
  path: Assets/CircuitPuzzle/Dependencies/Mini First Person Controller/Audio/Landing/Landing 2.wav
  artifactKey: Guid(ab9637a2491abbf4ca9c9601321cbb88) Importer(815301076,1909f56bfc062723c751e8b465ee728b)
Start importing Assets/CircuitPuzzle/Dependencies/Mini First Person Controller/Audio/Landing/Landing 2.wav using Guid(ab9637a2491abbf4ca9c9601321cbb88) Importer(815301076,1909f56bfc062723c751e8b465ee728b)  -> (artifact id: 'd12ddb8a605e8927a2487b41de69301d') in 0.007380 seconds 
========================================================================
Received Import Request.
  Time since last request: 0.000013 seconds.
  path: Assets/CircuitPuzzle/Dependencies/TextMesh Pro/Resources/Sprite Assets/EmojiOne.asset
  artifactKey: Guid(c41005c129ba4d66911b75229fd70b45) Importer(815301076,1909f56bfc062723c751e8b465ee728b)
Start importing Assets/CircuitPuzzle/Dependencies/TextMesh Pro/Resources/Sprite Assets/EmojiOne.asset using Guid(c41005c129ba4d66911b75229fd70b45) Importer(815301076,1909f56bfc062723c751e8b465ee728b)  -> (artifact id: '3950451084668360d05945240589cf11') in 0.005039 seconds 
========================================================================
Received Import Request.
  Time since last request: 0.000276 seconds.
  path: Assets/CircuitPuzzle/Dependencies/Scripts/Editor/Piece/PieceRotatorInspector.cs
  artifactKey: Guid(d96225cde70c8184eae4a42ebee79b79) Importer(815301076,1909f56bfc062723c751e8b465ee728b)
Start importing Assets/CircuitPuzzle/Dependencies/Scripts/Editor/Piece/PieceRotatorInspector.cs using Guid(d96225cde70c8184eae4a42ebee79b79) Importer(815301076,1909f56bfc062723c751e8b465ee728b)  -> (artifact id: 'f502e5b8447100d16079b973f86ff0cd') in 0.003013 seconds 
========================================================================
Received Import Request.
  Time since last request: 0.000260 seconds.
  path: Assets/CircuitPuzzle/Dependencies/TextMesh Pro/Shaders/TMP_Sprite.shader
  artifactKey: Guid(cf81c85f95fe47e1a27f6ae460cf182c) Importer(815301076,1909f56bfc062723c751e8b465ee728b)
Start importing Assets/CircuitPuzzle/Dependencies/TextMesh Pro/Shaders/TMP_Sprite.shader using Guid(cf81c85f95fe47e1a27f6ae460cf182c) Importer(815301076,1909f56bfc062723c751e8b465ee728b)  -> (artifact id: '6aec22998d3429237dcdf88314106b34') in 0.003277 seconds 
========================================================================
Received Import Request.
  Time since last request: 0.000013 seconds.
  path: Assets/CircuitPuzzle/Dependencies/TextMesh Pro/Sprites/EmojiOne Attribution.txt
  artifactKey: Guid(381dcb09d5029d14897e55f98031fca5) Importer(815301076,1909f56bfc062723c751e8b465ee728b)
Start importing Assets/CircuitPuzzle/Dependencies/TextMesh Pro/Sprites/EmojiOne Attribution.txt using Guid(381dcb09d5029d14897e55f98031fca5) Importer(815301076,1909f56bfc062723c751e8b465ee728b)  -> (artifact id: '0f71b2d21205dc6ff6abedf9e764a644') in 0.003765 seconds 
========================================================================
Received Import Request.
  Time since last request: 0.000014 seconds.
  path: Assets/CircuitPuzzle/Dependencies/Materials/Pieces/Custom Testing/Indicator.mat
  artifactKey: Guid(92f06f2cbc37d6146a1a1b4d65acb995) Importer(815301076,1909f56bfc062723c751e8b465ee728b)
Start importing Assets/CircuitPuzzle/Dependencies/Materials/Pieces/Custom Testing/Indicator.mat using Guid(92f06f2cbc37d6146a1a1b4d65acb995) Importer(815301076,1909f56bfc062723c751e8b465ee728b)  -> (artifact id: '3a05faa527b8ad4ce9b62c3f965c65df') in 0.008671 seconds 
========================================================================
Received Import Request.
  Time since last request: 0.000014 seconds.
  path: Assets/CircuitPuzzle/Dependencies/Materials/Pieces/Custom Testing/Base.mat
  artifactKey: Guid(7116d6265b11c8749b54f0ce21f5c1c8) Importer(815301076,1909f56bfc062723c751e8b465ee728b)
Start importing Assets/CircuitPuzzle/Dependencies/Materials/Pieces/Custom Testing/Base.mat using Guid(7116d6265b11c8749b54f0ce21f5c1c8) Importer(815301076,1909f56bfc062723c751e8b465ee728b)  -> (artifact id: '7c52e80ead83bd2ba5c3c240888f063e') in 0.007258 seconds 
========================================================================
Received Import Request.
  Time since last request: 0.000013 seconds.
  path: Assets/CircuitPuzzle/Dependencies/Scripts/Editor/Piece/PieceSwitcherInspector.cs
  artifactKey: Guid(6add1856b463c1449b947efce1df1337) Importer(815301076,1909f56bfc062723c751e8b465ee728b)
Start importing Assets/CircuitPuzzle/Dependencies/Scripts/Editor/Piece/PieceSwitcherInspector.cs using Guid(6add1856b463c1449b947efce1df1337) Importer(815301076,1909f56bfc062723c751e8b465ee728b)  -> (artifact id: '0d5649581bce97ae4bc14c3ef143fd95') in 0.003462 seconds 
========================================================================
Received Import Request.
  Time since last request: 0.000015 seconds.
  path: Assets/CircuitPuzzle/Dependencies/Scripts/PuzzleCreation/Board/UserModelSelection.cs
  artifactKey: Guid(eaea94133dedc4042887f6c8f5a5d766) Importer(815301076,1909f56bfc062723c751e8b465ee728b)
Start importing Assets/CircuitPuzzle/Dependencies/Scripts/PuzzleCreation/Board/UserModelSelection.cs using Guid(eaea94133dedc4042887f6c8f5a5d766) Importer(815301076,1909f56bfc062723c751e8b465ee728b)  -> (artifact id: '36ac47b62d0b6beacd454c13040c35d6') in 0.003307 seconds 
========================================================================
Received Import Request.
  Time since last request: 0.000376 seconds.
  path: Assets/CircuitPuzzle/Dependencies/TextMesh Pro/Resources/Fonts & Materials/LiberationSans SDF - Outline.mat
  artifactKey: Guid(79459efec17a4d00a321bdcc27bbc385) Importer(815301076,1909f56bfc062723c751e8b465ee728b)
Start importing Assets/CircuitPuzzle/Dependencies/TextMesh Pro/Resources/Fonts & Materials/LiberationSans SDF - Outline.mat using Guid(79459efec17a4d00a321bdcc27bbc385) Importer(815301076,1909f56bfc062723c751e8b465ee728b)  -> (artifact id: 'a3727cd433564f37e2557a7f0cbf2de8') in 0.049028 seconds 
========================================================================
Received Import Request.
  Time since last request: 0.006000 seconds.
  path: Assets/CircuitPuzzle/Dependencies/TextMesh Pro/Resources/Sprite Assets
  artifactKey: Guid(512a49d95c0c4332bdd98131869c23c9) Importer(815301076,1909f56bfc062723c751e8b465ee728b)
Start importing Assets/CircuitPuzzle/Dependencies/TextMesh Pro/Resources/Sprite Assets using Guid(512a49d95c0c4332bdd98131869c23c9) Importer(815301076,1909f56bfc062723c751e8b465ee728b)  -> (artifact id: '1dcb9dc3060b39f33c350934f5d461fd') in 0.003095 seconds 
========================================================================
Received Import Request.
  Time since last request: 0.000013 seconds.
  path: Assets/CircuitPuzzle/Dependencies/Mini First Person Controller/Scripts/Components
  artifactKey: Guid(27054f2851dc4314a8359af559137e6b) Importer(815301076,1909f56bfc062723c751e8b465ee728b)
Start importing Assets/CircuitPuzzle/Dependencies/Mini First Person Controller/Scripts/Components using Guid(27054f2851dc4314a8359af559137e6b) Importer(815301076,1909f56bfc062723c751e8b465ee728b)  -> (artifact id: '255c40d5333925a4f53ce0d5b63e89a1') in 0.003100 seconds 
========================================================================
Received Import Request.
  Time since last request: 0.001439 seconds.
  path: Assets/CircuitPuzzle/Dependencies/TextMesh Pro/Shaders/TMP_SDF Overlay.shader
  artifactKey: Guid(dd89cf5b9246416f84610a006f916af7) Importer(815301076,1909f56bfc062723c751e8b465ee728b)
Start importing Assets/CircuitPuzzle/Dependencies/TextMesh Pro/Shaders/TMP_SDF Overlay.shader using Guid(dd89cf5b9246416f84610a006f916af7) Importer(815301076,1909f56bfc062723c751e8b465ee728b)  -> (artifact id: '89be7d48c47dc73471c56b01894247f9') in 0.003707 seconds 
========================================================================
Received Import Request.
  Time since last request: 0.000015 seconds.
  path: Assets/CircuitPuzzle/Dependencies/TextMesh Pro/Sprites/EmojiOne.png
  artifactKey: Guid(dffef66376be4fa480fb02b19edbe903) Importer(815301076,1909f56bfc062723c751e8b465ee728b)
Start importing Assets/CircuitPuzzle/Dependencies/TextMesh Pro/Sprites/EmojiOne.png using Guid(dffef66376be4fa480fb02b19edbe903) Importer(815301076,1909f56bfc062723c751e8b465ee728b)  -> (artifact id: 'e6188c68ac6b088742c7675c11a1a84f') in 0.008195 seconds 
========================================================================
Received Import Request.
  Time since last request: 0.000808 seconds.
  path: Assets/CircuitPuzzle/Dependencies/Prefabs/Models/Powered/T Piece.prefab
  artifactKey: Guid(66645d1ad338c904cba2cc294d86a2a6) Importer(815301076,1909f56bfc062723c751e8b465ee728b)
Start importing Assets/CircuitPuzzle/Dependencies/Prefabs/Models/Powered/T Piece.prefab using Guid(66645d1ad338c904cba2cc294d86a2a6) Importer(815301076,1909f56bfc062723c751e8b465ee728b)  -> (artifact id: '5fe8a5c2c2fc074743cb0fbc4ddd411f') in 0.010880 seconds 
========================================================================
Received Import Request.
  Time since last request: 0.000016 seconds.
  path: Assets/CircuitPuzzle/Dependencies/Mini First Person Controller/Audio/Jump/Jump 1.wav
  artifactKey: Guid(3888a1e1c52793144a6d07b8c508772e) Importer(815301076,1909f56bfc062723c751e8b465ee728b)
Start importing Assets/CircuitPuzzle/Dependencies/Mini First Person Controller/Audio/Jump/Jump 1.wav using Guid(3888a1e1c52793144a6d07b8c508772e) Importer(815301076,1909f56bfc062723c751e8b465ee728b)  -> (artifact id: '78994d35e1809b1021f0eae83e2d5045') in 0.007181 seconds 
========================================================================
Received Import Request.
  Time since last request: 0.000013 seconds.
  path: Assets/CircuitPuzzle/Dependencies/Mini First Person Controller/Demo/Demo Mini FPC Minimal.unity
  artifactKey: Guid(61309573591a99c4ca97697d104b41ed) Importer(815301076,1909f56bfc062723c751e8b465ee728b)
Start importing Assets/CircuitPuzzle/Dependencies/Mini First Person Controller/Demo/Demo Mini FPC Minimal.unity using Guid(61309573591a99c4ca97697d104b41ed) Importer(815301076,1909f56bfc062723c751e8b465ee728b)  -> (artifact id: '518337f9eafed4d4778a95494bf7bd17') in 0.003004 seconds 
========================================================================
Received Import Request.
  Time since last request: 0.000012 seconds.
  path: Assets/CircuitPuzzle/Dependencies/Prefabs/Pieces/Straight Piece.prefab
  artifactKey: Guid(3abbdedd20c05af418c521b955a5a578) Importer(815301076,1909f56bfc062723c751e8b465ee728b)
Start importing Assets/CircuitPuzzle/Dependencies/Prefabs/Pieces/Straight Piece.prefab using Guid(3abbdedd20c05af418c521b955a5a578) Importer(815301076,1909f56bfc062723c751e8b465ee728b)  -> (artifact id: '5a78d84c1465aca836b8694a21d274cb') in 0.014407 seconds 
========================================================================
Received Import Request.
  Time since last request: 0.000014 seconds.
  path: Assets/CircuitPuzzle/Dependencies/Mini First Person Controller/Audio/Landing/Landing 1.wav
  artifactKey: Guid(9fcb6dc763cd0354da305b5de2091287) Importer(815301076,1909f56bfc062723c751e8b465ee728b)
Start importing Assets/CircuitPuzzle/Dependencies/Mini First Person Controller/Audio/Landing/Landing 1.wav using Guid(9fcb6dc763cd0354da305b5de2091287) Importer(815301076,1909f56bfc062723c751e8b465ee728b)  -> (artifact id: '16f885d26b87939a1de68af1abefcddf') in 0.007032 seconds 
========================================================================
Received Import Request.
  Time since last request: 0.003378 seconds.
  path: Assets/CircuitPuzzle/Dependencies/Scripts/IngameFunctionality/Puzzle/PuzzleManager.cs
  artifactKey: Guid(fb568080306391b408125c89093483d4) Importer(815301076,1909f56bfc062723c751e8b465ee728b)
Start importing Assets/CircuitPuzzle/Dependencies/Scripts/IngameFunctionality/Puzzle/PuzzleManager.cs using Guid(fb568080306391b408125c89093483d4) Importer(815301076,1909f56bfc062723c751e8b465ee728b)  -> (artifact id: '32e4d3cc5f48903e0326aca7abe705f0') in 0.005508 seconds 
========================================================================
Received Import Request.
  Time since last request: 0.009251 seconds.
  path: Assets/CircuitPuzzle/Dependencies/Materials/Pieces/Base/PiecePreviewBorder.mat
  artifactKey: Guid(2d312ff311ded324090a33f53d442575) Importer(815301076,1909f56bfc062723c751e8b465ee728b)
Start importing Assets/CircuitPuzzle/Dependencies/Materials/Pieces/Base/PiecePreviewBorder.mat using Guid(2d312ff311ded324090a33f53d442575) Importer(815301076,1909f56bfc062723c751e8b465ee728b)  -> (artifact id: 'fddd263522c634c15f700c4be41131dd') in 0.007482 seconds 
========================================================================
Received Import Request.
  Time since last request: 0.000135 seconds.
  path: Assets/CircuitPuzzle/Dependencies/TextMesh Pro/Shaders/TMP_Bitmap-Mobile.shader
  artifactKey: Guid(1e3b057af24249748ff873be7fafee47) Importer(815301076,1909f56bfc062723c751e8b465ee728b)
Start importing Assets/CircuitPuzzle/Dependencies/TextMesh Pro/Shaders/TMP_Bitmap-Mobile.shader using Guid(1e3b057af24249748ff873be7fafee47) Importer(815301076,1909f56bfc062723c751e8b465ee728b)  -> (artifact id: 'e976a241894a858ab3d7826d1c4042f9') in 0.005793 seconds 
========================================================================
Received Import Request.
  Time since last request: 0.000018 seconds.
  path: Assets/CircuitPuzzle/Dependencies/TextMesh Pro/Shaders/TMP_SDF-Mobile Overlay.shader
  artifactKey: Guid(a02a7d8c237544f1962732b55a9aebf1) Importer(815301076,1909f56bfc062723c751e8b465ee728b)
Start importing Assets/CircuitPuzzle/Dependencies/TextMesh Pro/Shaders/TMP_SDF-Mobile Overlay.shader using Guid(a02a7d8c237544f1962732b55a9aebf1) Importer(815301076,1909f56bfc062723c751e8b465ee728b)  -> (artifact id: 'fd7641f1d19aec517169247b58e3a39a') in 0.003539 seconds 
========================================================================
Received Import Request.
  Time since last request: 0.000014 seconds.
  path: Assets/CircuitPuzzle/Dependencies/Scripts/Editor/Puzzle/UserModelSelectionInspector.cs
  artifactKey: Guid(1621d8a8285fc6e4c80c8fe2e94aac06) Importer(815301076,1909f56bfc062723c751e8b465ee728b)
Start importing Assets/CircuitPuzzle/Dependencies/Scripts/Editor/Puzzle/UserModelSelectionInspector.cs using Guid(1621d8a8285fc6e4c80c8fe2e94aac06) Importer(815301076,1909f56bfc062723c751e8b465ee728b)  -> (artifact id: '3d1f7a8f6883ea3a5d8b4c733c5b8b4a') in 0.003004 seconds 
========================================================================
Received Import Request.
  Time since last request: 0.000012 seconds.
  path: Assets/CircuitPuzzle/Dependencies/TextMesh Pro/Resources/LineBreaking Leading Characters.txt
  artifactKey: Guid(d82c1b31c7e74239bff1220585707d2b) Importer(815301076,1909f56bfc062723c751e8b465ee728b)
Start importing Assets/CircuitPuzzle/Dependencies/TextMesh Pro/Resources/LineBreaking Leading Characters.txt using Guid(d82c1b31c7e74239bff1220585707d2b) Importer(815301076,1909f56bfc062723c751e8b465ee728b)  -> (artifact id: 'b95b4c2a9b67a1b3b08a79aab403f964') in 0.003665 seconds 
========================================================================
Received Import Request.
  Time since last request: 0.000119 seconds.
  path: Assets/CircuitPuzzle/Dependencies/Prefabs/User Model Testing/Powered/T Piece.prefab
  artifactKey: Guid(5b8d33f52f3fa1c49a4a222f6550ba0f) Importer(815301076,1909f56bfc062723c751e8b465ee728b)
Start importing Assets/CircuitPuzzle/Dependencies/Prefabs/User Model Testing/Powered/T Piece.prefab using Guid(5b8d33f52f3fa1c49a4a222f6550ba0f) Importer(815301076,1909f56bfc062723c751e8b465ee728b)  -> (artifact id: '4603262543a3ac195ac1793e60e0d80a') in 0.008008 seconds 
========================================================================
Received Import Request.
  Time since last request: 0.000016 seconds.
  path: Assets/CircuitPuzzle/Dependencies/Materials/Power Status/PowerStatusOff.mat
  artifactKey: Guid(5c93899560e9c3e4f8fafccb26b53261) Importer(815301076,1909f56bfc062723c751e8b465ee728b)
Start importing Assets/CircuitPuzzle/Dependencies/Materials/Power Status/PowerStatusOff.mat using Guid(5c93899560e9c3e4f8fafccb26b53261) Importer(815301076,1909f56bfc062723c751e8b465ee728b)  -> (artifact id: '2f0644dde574295d85b855fc5f83dbd6') in 0.007307 seconds 
========================================================================
Received Import Request.
  Time since last request: 0.000019 seconds.
  path: Assets/CircuitPuzzle/Dependencies/TextMesh Pro/Resources/Fonts & Materials/LiberationSans SDF - Drop Shadow.mat
  artifactKey: Guid(e73a58f6e2794ae7b1b7e50b7fb811b0) Importer(815301076,1909f56bfc062723c751e8b465ee728b)
Start importing Assets/CircuitPuzzle/Dependencies/TextMesh Pro/Resources/Fonts & Materials/LiberationSans SDF - Drop Shadow.mat using Guid(e73a58f6e2794ae7b1b7e50b7fb811b0) Importer(815301076,1909f56bfc062723c751e8b465ee728b)  -> (artifact id: '42c7b5e08101d3ebc36438cc6b6adadb') in 0.039670 seconds 
========================================================================
Received Import Request.
  Time since last request: 0.009648 seconds.
  path: Assets/CircuitPuzzle/Dependencies/Materials/Pieces/Base/PieceSelectedBorder.mat
  artifactKey: Guid(e6a6cc95cd6bada4ea81e88b9bfa1c41) Importer(815301076,1909f56bfc062723c751e8b465ee728b)
Start importing Assets/CircuitPuzzle/Dependencies/Materials/Pieces/Base/PieceSelectedBorder.mat using Guid(e6a6cc95cd6bada4ea81e88b9bfa1c41) Importer(815301076,1909f56bfc062723c751e8b465ee728b)  -> (artifact id: '8afd0bc7ebcbf94c9ff996731b88446f') in 0.007876 seconds 
========================================================================
Received Import Request.
  Time since last request: 0.000014 seconds.
  path: Assets/CircuitPuzzle/Dependencies/Materials/Pieces/Wires/UnpoweredWire.mat
  artifactKey: Guid(d3b73e2d5d2884e4cbae519148541d92) Importer(815301076,1909f56bfc062723c751e8b465ee728b)
Start importing Assets/CircuitPuzzle/Dependencies/Materials/Pieces/Wires/UnpoweredWire.mat using Guid(d3b73e2d5d2884e4cbae519148541d92) Importer(815301076,1909f56bfc062723c751e8b465ee728b)  -> (artifact id: 'aba96492d934c8b101ad91ef982202dc') in 0.007560 seconds 
========================================================================
Received Import Request.
  Time since last request: 0.000014 seconds.
  path: Assets/CircuitPuzzle/Dependencies/TextMesh Pro/Shaders/TMP_SDF SSD.shader
  artifactKey: Guid(14eb328de4b8eb245bb7cea29e4ac00b) Importer(815301076,1909f56bfc062723c751e8b465ee728b)
Start importing Assets/CircuitPuzzle/Dependencies/TextMesh Pro/Shaders/TMP_SDF SSD.shader using Guid(14eb328de4b8eb245bb7cea29e4ac00b) Importer(815301076,1909f56bfc062723c751e8b465ee728b)  -> (artifact id: 'a854be5a46d8517ec051e112ab07763d') in 0.006371 seconds 
========================================================================
Received Import Request.
  Time since last request: 0.001931 seconds.
  path: Assets/CircuitPuzzle/Dependencies/TextMesh Pro/Shaders/TMP_SDF.shader
  artifactKey: Guid(68e6db2ebdc24f95958faec2be5558d6) Importer(815301076,1909f56bfc062723c751e8b465ee728b)
Start importing Assets/CircuitPuzzle/Dependencies/TextMesh Pro/Shaders/TMP_SDF.shader using Guid(68e6db2ebdc24f95958faec2be5558d6) Importer(815301076,1909f56bfc062723c751e8b465ee728b)  -> (artifact id: '684f27836a375de272ab99642726a005') in 0.003405 seconds 
========================================================================
Received Import Request.
  Time since last request: 0.000013 seconds.
  path: Assets/CircuitPuzzle/Dependencies/Scripts/Editor/Puzzle/PuzzleCreatorInspector.cs
  artifactKey: Guid(4cba6079525b1d148bf402072517d96f) Importer(815301076,1909f56bfc062723c751e8b465ee728b)
Start importing Assets/CircuitPuzzle/Dependencies/Scripts/Editor/Puzzle/PuzzleCreatorInspector.cs using Guid(4cba6079525b1d148bf402072517d96f) Importer(815301076,1909f56bfc062723c751e8b465ee728b)  -> (artifact id: '7cd7d96044c8d96c1a07f54d8f0929bb') in 0.003248 seconds 
========================================================================
Received Import Request.
  Time since last request: 0.000013 seconds.
  path: Assets/CircuitPuzzle/Dependencies/Prefabs/Models/Powered/End Piece.prefab
  artifactKey: Guid(349a8530c7aeb80408c624d447034796) Importer(815301076,1909f56bfc062723c751e8b465ee728b)
Start importing Assets/CircuitPuzzle/Dependencies/Prefabs/Models/Powered/End Piece.prefab using Guid(349a8530c7aeb80408c624d447034796) Importer(815301076,1909f56bfc062723c751e8b465ee728b)  -> (artifact id: '3d9da95e95fccafccfb3458158182546') in 0.007857 seconds 
========================================================================
Received Import Request.
  Time since last request: 0.000014 seconds.
  path: Assets/CircuitPuzzle/Dependencies/Mini First Person Controller/Scripts/FirstPersonLook.cs
  artifactKey: Guid(ec72980442fddac4d86e75ab24b4d027) Importer(815301076,1909f56bfc062723c751e8b465ee728b)
Start importing Assets/CircuitPuzzle/Dependencies/Mini First Person Controller/Scripts/FirstPersonLook.cs using Guid(ec72980442fddac4d86e75ab24b4d027) Importer(815301076,1909f56bfc062723c751e8b465ee728b)  -> (artifact id: 'cd1712587b23f2e7a2a9cfccb23ef4ec') in 0.003085 seconds 
========================================================================
Received Import Request.
  Time since last request: 0.000015 seconds.
  path: Assets/CircuitPuzzle/Dependencies/Mini First Person Controller/Scripts/Components/Jump.cs
  artifactKey: Guid(8f977f53412d81140ab13b3fca57cca2) Importer(815301076,1909f56bfc062723c751e8b465ee728b)
Start importing Assets/CircuitPuzzle/Dependencies/Mini First Person Controller/Scripts/Components/Jump.cs using Guid(8f977f53412d81140ab13b3fca57cca2) Importer(815301076,1909f56bfc062723c751e8b465ee728b)  -> (artifact id: '2169ef2f7d247e77c1625706d5c48640') in 0.003531 seconds 
========================================================================
Received Import Request.
  Time since last request: 0.003902 seconds.
  path: Assets/CircuitPuzzle/Dependencies/Materials/Pieces/Wires/PoweredWire.mat
  artifactKey: Guid(b70ef64fad1ada04cbf261b3d554e83c) Importer(815301076,1909f56bfc062723c751e8b465ee728b)
Start importing Assets/CircuitPuzzle/Dependencies/Materials/Pieces/Wires/PoweredWire.mat using Guid(b70ef64fad1ada04cbf261b3d554e83c) Importer(815301076,1909f56bfc062723c751e8b465ee728b)  -> (artifact id: 'eeed34a8b5310b55468977b269777ca2') in 0.011501 seconds 
========================================================================
Received Import Request.
  Time since last request: 0.000014 seconds.
  path: Assets/CircuitPuzzle/Dependencies/Scripts/AssetReferences/PieceAssetReferencesSO.cs
  artifactKey: Guid(b1ca626da0d6adf44834a016d414eafe) Importer(815301076,1909f56bfc062723c751e8b465ee728b)
Start importing Assets/CircuitPuzzle/Dependencies/Scripts/AssetReferences/PieceAssetReferencesSO.cs using Guid(b1ca626da0d6adf44834a016d414eafe) Importer(815301076,1909f56bfc062723c751e8b465ee728b)  -> (artifact id: '2cb4653cd5cd784b5569b383967655b8') in 0.003257 seconds 
========================================================================
Received Import Request.
  Time since last request: 0.000017 seconds.
  path: Assets/CircuitPuzzle/Dependencies/TextMesh Pro/Shaders/TMP_SDF-Mobile.shader
  artifactKey: Guid(fe393ace9b354375a9cb14cdbbc28be4) Importer(815301076,1909f56bfc062723c751e8b465ee728b)
Start importing Assets/CircuitPuzzle/Dependencies/TextMesh Pro/Shaders/TMP_SDF-Mobile.shader using Guid(fe393ace9b354375a9cb14cdbbc28be4) Importer(815301076,1909f56bfc062723c751e8b465ee728b)  -> (artifact id: '0eb1a2b86bea288f96d07068ab3d3764') in 0.003876 seconds 
========================================================================
Received Import Request.
  Time since last request: 0.000015 seconds.
  path: Assets/CircuitPuzzle/Dependencies/TextMesh Pro/Shaders/TMP_Bitmap.shader
  artifactKey: Guid(128e987d567d4e2c824d754223b3f3b0) Importer(815301076,1909f56bfc062723c751e8b465ee728b)
Start importing Assets/CircuitPuzzle/Dependencies/TextMesh Pro/Shaders/TMP_Bitmap.shader using Guid(128e987d567d4e2c824d754223b3f3b0) Importer(815301076,1909f56bfc062723c751e8b465ee728b)  -> (artifact id: '6b4b4a6637908a90f651c41abf638485') in 0.003180 seconds 
========================================================================
Received Import Request.
  Time since last request: 0.000024 seconds.
  path: Assets/CircuitPuzzle/Dependencies/Prefabs/Circuit Puzzle Custom.prefab
  artifactKey: Guid(734a8e226a79f474c80aad9bc3967ac1) Importer(815301076,1909f56bfc062723c751e8b465ee728b)
Start importing Assets/CircuitPuzzle/Dependencies/Prefabs/Circuit Puzzle Custom.prefab using Guid(734a8e226a79f474c80aad9bc3967ac1) Importer(815301076,1909f56bfc062723c751e8b465ee728b)  -> (artifact id: 'f6872d34fba362abfaa44c6c9b084c62') in 0.016937 seconds 
========================================================================
Received Import Request.
  Time since last request: 0.011105 seconds.
  path: Assets/CircuitPuzzle/Dependencies/Mini First Person Controller/Audio/Jump/Jump 3.wav
  artifactKey: Guid(b16dc74b7376aca46bd0c6be96c940fa) Importer(815301076,1909f56bfc062723c751e8b465ee728b)
Start importing Assets/CircuitPuzzle/Dependencies/Mini First Person Controller/Audio/Jump/Jump 3.wav using Guid(b16dc74b7376aca46bd0c6be96c940fa) Importer(815301076,1909f56bfc062723c751e8b465ee728b)  -> (artifact id: '5225d0be679d7eaf51e994e7d5c2b754') in 0.006792 seconds 
========================================================================
Received Import Request.
  Time since last request: 0.000013 seconds.
  path: Assets/CircuitPuzzle/Dependencies/Prefabs/Models/Default/Start Piece.prefab
  artifactKey: Guid(7f38e47e18385ef4d8b51e26baf1d266) Importer(815301076,1909f56bfc062723c751e8b465ee728b)
Start importing Assets/CircuitPuzzle/Dependencies/Prefabs/Models/Default/Start Piece.prefab using Guid(7f38e47e18385ef4d8b51e26baf1d266) Importer(815301076,1909f56bfc062723c751e8b465ee728b)  -> (artifact id: 'd59d922b675a67867fbd4272fb4abf93') in 0.009636 seconds 
========================================================================
Received Import Request.
  Time since last request: 0.000012 seconds.
  path: Assets/CircuitPuzzle/Dependencies/Scripts/IngameFunctionality/Puzzle/CameraSwitcher.cs
  artifactKey: Guid(6ddc0a027acefbb43ade5ea8d633918d) Importer(815301076,1909f56bfc062723c751e8b465ee728b)
Start importing Assets/CircuitPuzzle/Dependencies/Scripts/IngameFunctionality/Puzzle/CameraSwitcher.cs using Guid(6ddc0a027acefbb43ade5ea8d633918d) Importer(815301076,1909f56bfc062723c751e8b465ee728b)  -> (artifact id: 'fc695728f0ca7e3af9f8d224ba366cfd') in 0.005727 seconds 
========================================================================
Received Import Request.
  Time since last request: 0.140956 seconds.
  path: Assets/CircuitPuzzle/Dependencies/Scripts/Editor/Puzzle/GroupedEndingWarningInspector.cs
  artifactKey: Guid(b23ae45dc543eec4a8c71af4d35b011c) Importer(815301076,1909f56bfc062723c751e8b465ee728b)
Start importing Assets/CircuitPuzzle/Dependencies/Scripts/Editor/Puzzle/GroupedEndingWarningInspector.cs using Guid(b23ae45dc543eec4a8c71af4d35b011c) Importer(815301076,1909f56bfc062723c751e8b465ee728b)  -> (artifact id: '23966be903dbf294b2f34b6a9cb6e54b') in 0.005524 seconds 
========================================================================
Received Import Request.
  Time since last request: 0.000016 seconds.
  path: Assets/CircuitPuzzle/Dependencies/Mini First Person Controller/Demo
  artifactKey: Guid(8a3a23bda64e6154183cea502baab83a) Importer(815301076,1909f56bfc062723c751e8b465ee728b)
Start importing Assets/CircuitPuzzle/Dependencies/Mini First Person Controller/Demo using Guid(8a3a23bda64e6154183cea502baab83a) Importer(815301076,1909f56bfc062723c751e8b465ee728b)  -> (artifact id: 'c88dfd6cdded10db01b11898fe6da7e6') in 0.005175 seconds 
========================================================================
Received Import Request.
  Time since last request: 0.000016 seconds.
  path: Assets/CircuitPuzzle/Dependencies/TextMesh Pro/Shaders/TMP_SDF-Mobile SSD.shader
  artifactKey: Guid(c8d12adcee749c344b8117cf7c7eb912) Importer(815301076,1909f56bfc062723c751e8b465ee728b)
Start importing Assets/CircuitPuzzle/Dependencies/TextMesh Pro/Shaders/TMP_SDF-Mobile SSD.shader using Guid(c8d12adcee749c344b8117cf7c7eb912) Importer(815301076,1909f56bfc062723c751e8b465ee728b)  -> (artifact id: 'dcdbdb589526dc2f99c399366ac6ac1e') in 0.005466 seconds 
========================================================================
Received Import Request.
  Time since last request: 0.000167 seconds.
  path: Assets/CircuitPuzzle/Dependencies/Materials/Pieces/Custom Testing/Start.mat
  artifactKey: Guid(a4b67b287223c104fbd24f1429cf1d30) Importer(815301076,1909f56bfc062723c751e8b465ee728b)
Start importing Assets/CircuitPuzzle/Dependencies/Materials/Pieces/Custom Testing/Start.mat using Guid(a4b67b287223c104fbd24f1429cf1d30) Importer(815301076,1909f56bfc062723c751e8b465ee728b)  -> (artifact id: '53d9db24082aca0cff415f5c9a56ff75') in 0.008106 seconds 
========================================================================
Received Import Request.
  Time since last request: 0.000016 seconds.
  path: Assets/CircuitPuzzle/Dependencies/Mini First Person Controller/Audio/Crouch/Crouch start 2.wav
  artifactKey: Guid(8a49e3e94b1e34e47bc5f47c5233c5a5) Importer(815301076,1909f56bfc062723c751e8b465ee728b)
Start importing Assets/CircuitPuzzle/Dependencies/Mini First Person Controller/Audio/Crouch/Crouch start 2.wav using Guid(8a49e3e94b1e34e47bc5f47c5233c5a5) Importer(815301076,1909f56bfc062723c751e8b465ee728b)  -> (artifact id: 'bf2fcb179d56407002543dba7b223b40') in 0.006817 seconds 
========================================================================
Received Import Request.
  Time since last request: 0.000013 seconds.
  path: Assets/CircuitPuzzle/Dependencies/Prefabs/Models/Default/Blank Piece.prefab
  artifactKey: Guid(fbc9e90f99faa51448ecf877bdac3c18) Importer(815301076,1909f56bfc062723c751e8b465ee728b)
Start importing Assets/CircuitPuzzle/Dependencies/Prefabs/Models/Default/Blank Piece.prefab using Guid(fbc9e90f99faa51448ecf877bdac3c18) Importer(815301076,1909f56bfc062723c751e8b465ee728b)  -> (artifact id: 'f0b5d81b7b71c36a0e14b1b1b9567776') in 0.007964 seconds 
========================================================================
Received Import Request.
  Time since last request: 0.000014 seconds.
  path: Assets/CircuitPuzzle/Dependencies/Mini First Person Controller/First Person Controller.prefab
  artifactKey: Guid(11aaea5348574644a9eb4f4504fcce3f) Importer(815301076,1909f56bfc062723c751e8b465ee728b)
Start importing Assets/CircuitPuzzle/Dependencies/Mini First Person Controller/First Person Controller.prefab using Guid(11aaea5348574644a9eb4f4504fcce3f) Importer(815301076,1909f56bfc062723c751e8b465ee728b)  -> (artifact id: '757ec40c0079ba206cd0c4c39057624f') in 0.010845 seconds 
========================================================================
Received Import Request.
  Time since last request: 0.095318 seconds.
  path: Assets/CircuitPuzzle/Dependencies/TextMesh Pro/Sprites/EmojiOne.json
  artifactKey: Guid(8f05276190cf498a8153f6cbe761d4e6) Importer(815301076,1909f56bfc062723c751e8b465ee728b)
Start importing Assets/CircuitPuzzle/Dependencies/TextMesh Pro/Sprites/EmojiOne.json using Guid(8f05276190cf498a8153f6cbe761d4e6) Importer(815301076,1909f56bfc062723c751e8b465ee728b)  -> (artifact id: '036dbd30c7d82b31d4c2f8acde9227e5') in 0.007730 seconds 
========================================================================
Received Import Request.
  Time since last request: 0.000016 seconds.
  path: Assets/CircuitPuzzle/Dependencies/Materials/Power Status/PowerStatusOn.mat
  artifactKey: Guid(b8f1b9dc1ea276249835b684fcdd0215) Importer(815301076,1909f56bfc062723c751e8b465ee728b)
Start importing Assets/CircuitPuzzle/Dependencies/Materials/Power Status/PowerStatusOn.mat using Guid(b8f1b9dc1ea276249835b684fcdd0215) Importer(815301076,1909f56bfc062723c751e8b465ee728b)  -> (artifact id: '4b0797f54523be24a3bc904f646e781c') in 0.007736 seconds 
========================================================================
Received Import Request.
  Time since last request: 0.000018 seconds.
  path: Assets/CircuitPuzzle/Dependencies/Prefabs/Pieces/Corner Piece.prefab
  artifactKey: Guid(5dff78a7388b8dd44a1ab42a0ea1569d) Importer(815301076,1909f56bfc062723c751e8b465ee728b)
Start importing Assets/CircuitPuzzle/Dependencies/Prefabs/Pieces/Corner Piece.prefab using Guid(5dff78a7388b8dd44a1ab42a0ea1569d) Importer(815301076,1909f56bfc062723c751e8b465ee728b)  -> (artifact id: 'e43388b49a9e65359da118b824691a38') in 0.014555 seconds 
========================================================================
Received Import Request.
  Time since last request: 0.000020 seconds.
  path: Assets/CircuitPuzzle/Dependencies/TextMesh Pro/Resources/Fonts & Materials
  artifactKey: Guid(731f1baa9d144a9897cb1d341c2092b8) Importer(815301076,1909f56bfc062723c751e8b465ee728b)
Start importing Assets/CircuitPuzzle/Dependencies/TextMesh Pro/Resources/Fonts & Materials using Guid(731f1baa9d144a9897cb1d341c2092b8) Importer(815301076,1909f56bfc062723c751e8b465ee728b)  -> (artifact id: 'a8a5343dd66316b9eb35bafbffda078a') in 0.003186 seconds 
========================================================================
Received Import Request.
  Time since last request: 0.666479 seconds.
  path: Assets/CircuitPuzzle/Dependencies/Scripts/PuzzleCreation/Board/PrefabUnpacker.cs
  artifactKey: Guid(99fb36189db0724498d7e096ea34a1c8) Importer(815301076,1909f56bfc062723c751e8b465ee728b)
Start importing Assets/CircuitPuzzle/Dependencies/Scripts/PuzzleCreation/Board/PrefabUnpacker.cs using Guid(99fb36189db0724498d7e096ea34a1c8) Importer(815301076,1909f56bfc062723c751e8b465ee728b)  -> (artifact id: '169e4c4b7ccaf6065f9c5c2d389f681c') in 0.005421 seconds 
========================================================================
Received Import Request.
  Time since last request: 0.000023 seconds.
  path: Assets/CircuitPuzzle/Dependencies/Scripts/IngameFunctionality/Piece/PowerManager.cs
  artifactKey: Guid(a09c9b579ed1862469de4691916574a3) Importer(815301076,1909f56bfc062723c751e8b465ee728b)
Start importing Assets/CircuitPuzzle/Dependencies/Scripts/IngameFunctionality/Piece/PowerManager.cs using Guid(a09c9b579ed1862469de4691916574a3) Importer(815301076,1909f56bfc062723c751e8b465ee728b)  -> (artifact id: '17e1fcebbe5b4bafcf71ec2cd41516e1') in 0.005963 seconds 
========================================================================
Received Import Request.
  Time since last request: 0.174811 seconds.
  path: Assets/CircuitPuzzle/Dependencies/Materials/Pieces/Base/RedBase.mat
  artifactKey: Guid(6ea66186d8bf9674e82119840e7dc410) Importer(815301076,1909f56bfc062723c751e8b465ee728b)
Start importing Assets/CircuitPuzzle/Dependencies/Materials/Pieces/Base/RedBase.mat using Guid(6ea66186d8bf9674e82119840e7dc410) Importer(815301076,1909f56bfc062723c751e8b465ee728b)  -> (artifact id: '5e426f70cbbccff62cf4ca04a1d7c1f4') in 0.010003 seconds 
========================================================================
Received Import Request.
  Time since last request: 0.462416 seconds.
  path: Assets/CircuitPuzzle/Dependencies/Prefabs/Pieces/Blank Piece.prefab
  artifactKey: Guid(947c7a1dd287ad44d9f2234c93c55e5e) Importer(815301076,1909f56bfc062723c751e8b465ee728b)
Start importing Assets/CircuitPuzzle/Dependencies/Prefabs/Pieces/Blank Piece.prefab using Guid(947c7a1dd287ad44d9f2234c93c55e5e) Importer(815301076,1909f56bfc062723c751e8b465ee728b)  -> (artifact id: 'b4354ca03a129d0d3237d7ebb0ecf644') in 0.012813 seconds 
========================================================================
Received Import Request.
  Time since last request: 0.000027 seconds.
  path: Assets/CircuitPuzzle/Dependencies/Prefabs/Models/Default/Corner Piece.prefab
  artifactKey: Guid(beb537ee0996e104f99afa2d716b8ee2) Importer(815301076,1909f56bfc062723c751e8b465ee728b)
Start importing Assets/CircuitPuzzle/Dependencies/Prefabs/Models/Default/Corner Piece.prefab using Guid(beb537ee0996e104f99afa2d716b8ee2) Importer(815301076,1909f56bfc062723c751e8b465ee728b)  -> (artifact id: '678a4472579f4bcee537c753886480fe') in 0.007643 seconds 
========================================================================
Received Import Request.
  Time since last request: 0.000622 seconds.
  path: Assets/CircuitPuzzle/Dependencies/Scripts/Editor/Misc/DeleteInterceptInspector.cs
  artifactKey: Guid(750555c03a3920440b3b3c73ae82377b) Importer(815301076,1909f56bfc062723c751e8b465ee728b)
Start importing Assets/CircuitPuzzle/Dependencies/Scripts/Editor/Misc/DeleteInterceptInspector.cs using Guid(750555c03a3920440b3b3c73ae82377b) Importer(815301076,1909f56bfc062723c751e8b465ee728b)  -> (artifact id: '651de339a71affc932b4b50384d561ac') in 0.002992 seconds 
========================================================================
Received Import Request.
  Time since last request: 0.000013 seconds.
  path: Assets/CircuitPuzzle/Dependencies/TextMesh Pro/Shaders/TMP_SDF-Surface-Mobile.shader
  artifactKey: Guid(85187c2149c549c5b33f0cdb02836b17) Importer(815301076,1909f56bfc062723c751e8b465ee728b)
Start importing Assets/CircuitPuzzle/Dependencies/TextMesh Pro/Shaders/TMP_SDF-Surface-Mobile.shader using Guid(85187c2149c549c5b33f0cdb02836b17) Importer(815301076,1909f56bfc062723c751e8b465ee728b)  -> (artifact id: '78f9f67b25732c028ea00d2527adf4a4') in 0.004725 seconds 
========================================================================
Received Import Request.
  Time since last request: 0.024011 seconds.
  path: Assets/CircuitPuzzle/Dependencies/TextMesh Pro/Shaders/TMPro_Properties.cginc
  artifactKey: Guid(3997e2241185407d80309a82f9148466) Importer(815301076,1909f56bfc062723c751e8b465ee728b)
Start importing Assets/CircuitPuzzle/Dependencies/TextMesh Pro/Shaders/TMPro_Properties.cginc using Guid(3997e2241185407d80309a82f9148466) Importer(815301076,1909f56bfc062723c751e8b465ee728b)  -> (artifact id: '7506c69260bf7c1cdf33a8f62db534a1') in 0.004757 seconds 
========================================================================
Received Import Request.
  Time since last request: 0.000013 seconds.
  path: Assets/CircuitPuzzle/Dependencies/Scripts/PuzzleCreation/Piece/PieceSwitcher.cs
  artifactKey: Guid(2edc8f7467fa0a046838668a03ea7df1) Importer(815301076,1909f56bfc062723c751e8b465ee728b)
Start importing Assets/CircuitPuzzle/Dependencies/Scripts/PuzzleCreation/Piece/PieceSwitcher.cs using Guid(2edc8f7467fa0a046838668a03ea7df1) Importer(815301076,1909f56bfc062723c751e8b465ee728b)  -> (artifact id: '248157b7db6d16f0a2594ce375df3752') in 0.004874 seconds 
========================================================================
Received Import Request.
  Time since last request: 0.000016 seconds.
  path: Assets/CircuitPuzzle/Dependencies/Prefabs/Pieces/End Piece.prefab
  artifactKey: Guid(33c1ed03307300746bde72f9f7516b51) Importer(815301076,1909f56bfc062723c751e8b465ee728b)
Start importing Assets/CircuitPuzzle/Dependencies/Prefabs/Pieces/End Piece.prefab using Guid(33c1ed03307300746bde72f9f7516b51) Importer(815301076,1909f56bfc062723c751e8b465ee728b)  -> (artifact id: '124b40ee654162c8e21109a26b061f71') in 0.012694 seconds 
========================================================================
Received Import Request.
  Time since last request: 0.000017 seconds.
  path: Assets/CircuitPuzzle/Dependencies/Mini First Person Controller/Audio/Crouch/Crouch end 3.wav
  artifactKey: Guid(9d46f9a0e3e8be44aa2dc581bd6e0c97) Importer(815301076,1909f56bfc062723c751e8b465ee728b)
Start importing Assets/CircuitPuzzle/Dependencies/Mini First Person Controller/Audio/Crouch/Crouch end 3.wav using Guid(9d46f9a0e3e8be44aa2dc581bd6e0c97) Importer(815301076,1909f56bfc062723c751e8b465ee728b)  -> (artifact id: '7619796ad5786537c8d7e56ed078dfef') in 0.007114 seconds 
========================================================================
Received Import Request.
  Time since last request: 0.000014 seconds.
  path: Assets/CircuitPuzzle/Dependencies/Mini First Person Controller/Audio/Jump
  artifactKey: Guid(2366e4e813d3ad94a9b05caa58dc6484) Importer(815301076,1909f56bfc062723c751e8b465ee728b)
Start importing Assets/CircuitPuzzle/Dependencies/Mini First Person Controller/Audio/Jump using Guid(2366e4e813d3ad94a9b05caa58dc6484) Importer(815301076,1909f56bfc062723c751e8b465ee728b)  -> (artifact id: '596a44cd526578baf20d8243ed3616dc') in 0.000877 seconds 
========================================================================
Received Import Request.
  Time since last request: 0.000546 seconds.
  path: Assets/CircuitPuzzle/Dependencies/Mini First Person Controller/First Person Controller Minimal.prefab
  artifactKey: Guid(f2e0b7ae4dae8cf44955bccd3512b213) Importer(815301076,1909f56bfc062723c751e8b465ee728b)
Start importing Assets/CircuitPuzzle/Dependencies/Mini First Person Controller/First Person Controller Minimal.prefab using Guid(f2e0b7ae4dae8cf44955bccd3512b213) Importer(815301076,1909f56bfc062723c751e8b465ee728b)  -> (artifact id: 'c98d9ec9dee75424038192911f1b3221') in 0.007907 seconds 
========================================================================
Received Import Request.
  Time since last request: 0.006613 seconds.
  path: Assets/CircuitPuzzle/Dependencies/TextMesh Pro/Documentation
  artifactKey: Guid(8e7e8f5a82a3a134e91c54efd2274ea9) Importer(815301076,1909f56bfc062723c751e8b465ee728b)
Start importing Assets/CircuitPuzzle/Dependencies/TextMesh Pro/Documentation using Guid(8e7e8f5a82a3a134e91c54efd2274ea9) Importer(815301076,1909f56bfc062723c751e8b465ee728b)  -> (artifact id: 'dc497803c0650e980b81bcf651e18b86') in 0.007556 seconds 
========================================================================
Received Import Request.
  Time since last request: 0.000018 seconds.
  path: Assets/CircuitPuzzle/Dependencies/TextMesh Pro/Shaders/TMPro.cginc
  artifactKey: Guid(407bc68d299748449bbf7f48ee690f8d) Importer(815301076,1909f56bfc062723c751e8b465ee728b)
Start importing Assets/CircuitPuzzle/Dependencies/TextMesh Pro/Shaders/TMPro.cginc using Guid(407bc68d299748449bbf7f48ee690f8d) Importer(815301076,1909f56bfc062723c751e8b465ee728b)  -> (artifact id: '9166bc1abaeb281fc6783cc3fe76c458') in 0.004000 seconds 
========================================================================
Received Import Request.
  Time since last request: 0.003929 seconds.
  path: Assets/CircuitPuzzle/Dependencies/Scripts/PuzzleCreation/Piece/SingleEndingWarning.cs
  artifactKey: Guid(300d56628e587ee47b24327debc877a8) Importer(815301076,1909f56bfc062723c751e8b465ee728b)
Start importing Assets/CircuitPuzzle/Dependencies/Scripts/PuzzleCreation/Piece/SingleEndingWarning.cs using Guid(300d56628e587ee47b24327debc877a8) Importer(815301076,1909f56bfc062723c751e8b465ee728b)  -> (artifact id: '44c650417f2ceb8c406596591d09959e') in 0.002978 seconds 
========================================================================
Received Import Request.
  Time since last request: 0.000012 seconds.
  path: Assets/CircuitPuzzle/Dependencies/Scripts/PuzzleCreation/Board/UserModels.cs
  artifactKey: Guid(11df1fb26026c324fb66e98f53e93a08) Importer(815301076,1909f56bfc062723c751e8b465ee728b)
Start importing Assets/CircuitPuzzle/Dependencies/Scripts/PuzzleCreation/Board/UserModels.cs using Guid(11df1fb26026c324fb66e98f53e93a08) Importer(815301076,1909f56bfc062723c751e8b465ee728b)  -> (artifact id: 'b5faff83ef80a22549667b73274f45a2') in 0.003104 seconds 
========================================================================
Received Import Request.
  Time since last request: 0.008934 seconds.
  path: Assets/CircuitPuzzle/Dependencies/TextMesh Pro/Resources/Style Sheets
  artifactKey: Guid(4aecb92fff08436c8303b10eab8da368) Importer(815301076,1909f56bfc062723c751e8b465ee728b)
Start importing Assets/CircuitPuzzle/Dependencies/TextMesh Pro/Resources/Style Sheets using Guid(4aecb92fff08436c8303b10eab8da368) Importer(815301076,1909f56bfc062723c751e8b465ee728b)  -> (artifact id: 'fe342ddaeddc525a77e6f203ceeefc6a') in 0.003019 seconds 
========================================================================
Received Import Request.
  Time since last request: 0.000013 seconds.
  path: Assets/CircuitPuzzle/Dependencies/TextMesh Pro/Fonts/LiberationSans - OFL.txt
  artifactKey: Guid(6e59c59b81ab47f9b6ec5781fa725d2c) Importer(815301076,1909f56bfc062723c751e8b465ee728b)
Start importing Assets/CircuitPuzzle/Dependencies/TextMesh Pro/Fonts/LiberationSans - OFL.txt using Guid(6e59c59b81ab47f9b6ec5781fa725d2c) Importer(815301076,1909f56bfc062723c751e8b465ee728b)  -> (artifact id: '35ecb2fa8dd83b4749a13d0b14c984c2') in 0.003412 seconds 
========================================================================
Received Import Request.
  Time since last request: 0.000134 seconds.
  path: Assets/CircuitPuzzle/Dependencies/Materials/Level/Room.mat
  artifactKey: Guid(6f8dd78cb86ded443aefd75593ccc073) Importer(815301076,1909f56bfc062723c751e8b465ee728b)
Start importing Assets/CircuitPuzzle/Dependencies/Materials/Level/Room.mat using Guid(6f8dd78cb86ded443aefd75593ccc073) Importer(815301076,1909f56bfc062723c751e8b465ee728b)  -> (artifact id: 'ecd341f92ac704406b76430379e56e1e') in 0.007830 seconds 
========================================================================
Received Import Request.
  Time since last request: 0.000016 seconds.
  path: Assets/CircuitPuzzle/Dependencies/Prefabs/User Model Testing/Default/Start Piece.prefab
  artifactKey: Guid(e79864aeeb3927f4ab0fa3c9c4554000) Importer(815301076,1909f56bfc062723c751e8b465ee728b)
Start importing Assets/CircuitPuzzle/Dependencies/Prefabs/User Model Testing/Default/Start Piece.prefab using Guid(e79864aeeb3927f4ab0fa3c9c4554000) Importer(815301076,1909f56bfc062723c751e8b465ee728b)  -> (artifact id: '0d5bfc903044051f668c237378b0eee3') in 0.007764 seconds 
========================================================================
Received Import Request.
  Time since last request: 0.013573 seconds.
  path: Assets/CircuitPuzzle/Dependencies/Mini First Person Controller/Audio/Crouch/Crouch start 1.wav
  artifactKey: Guid(9b910aa79c186384cb17f28fad642b0a) Importer(815301076,1909f56bfc062723c751e8b465ee728b)
Start importing Assets/CircuitPuzzle/Dependencies/Mini First Person Controller/Audio/Crouch/Crouch start 1.wav using Guid(9b910aa79c186384cb17f28fad642b0a) Importer(815301076,1909f56bfc062723c751e8b465ee728b)  -> (artifact id: '0ca9f4827035b5e289489b261c4800b7') in 0.013160 seconds 
========================================================================
Received Import Request.
  Time since last request: 0.000015 seconds.
  path: Assets/CircuitPuzzle/Dependencies/TextMesh Pro/Shaders/TMP_SDF-Mobile Masking.shader
  artifactKey: Guid(bc1ede39bf3643ee8e493720e4259791) Importer(815301076,1909f56bfc062723c751e8b465ee728b)
Start importing Assets/CircuitPuzzle/Dependencies/TextMesh Pro/Shaders/TMP_SDF-Mobile Masking.shader using Guid(bc1ede39bf3643ee8e493720e4259791) Importer(815301076,1909f56bfc062723c751e8b465ee728b)  -> (artifact id: '40cc321c99db359a86b5814b3b62ba01') in 0.003322 seconds 
========================================================================
Received Import Request.
  Time since last request: 0.000014 seconds.
  path: Assets/CircuitPuzzle/Dependencies/Prefabs/Models/Default/End Piece.prefab
  artifactKey: Guid(b6069afb5bbd1dd418d48565124b1697) Importer(815301076,1909f56bfc062723c751e8b465ee728b)
Start importing Assets/CircuitPuzzle/Dependencies/Prefabs/Models/Default/End Piece.prefab using Guid(b6069afb5bbd1dd418d48565124b1697) Importer(815301076,1909f56bfc062723c751e8b465ee728b)  -> (artifact id: 'd51868276f8cc901f4aab4fe80564b4e') in 0.009096 seconds 
========================================================================
Received Import Request.
  Time since last request: 0.002995 seconds.
  path: Assets/CircuitPuzzle/Dependencies/Prefabs/Models/Default/T Piece.prefab
  artifactKey: Guid(c03718f478bf398469fc4806a4831038) Importer(815301076,1909f56bfc062723c751e8b465ee728b)
Start importing Assets/CircuitPuzzle/Dependencies/Prefabs/Models/Default/T Piece.prefab using Guid(c03718f478bf398469fc4806a4831038) Importer(815301076,1909f56bfc062723c751e8b465ee728b)  -> (artifact id: '015ff35d68e8a4c206a27a6dcaaff713') in 0.009291 seconds 
========================================================================
Received Import Request.
  Time since last request: 0.000015 seconds.
  path: Assets/CircuitPuzzle/Dependencies/TextMesh Pro/Shaders/TMPro_Mobile.cginc
  artifactKey: Guid(c334973cef89a9840b0b0c507e0377ab) Importer(815301076,1909f56bfc062723c751e8b465ee728b)
Start importing Assets/CircuitPuzzle/Dependencies/TextMesh Pro/Shaders/TMPro_Mobile.cginc using Guid(c334973cef89a9840b0b0c507e0377ab) Importer(815301076,1909f56bfc062723c751e8b465ee728b)  -> (artifact id: '89ec19a9bb5cbf8bdad0e1633e175a9e') in 0.004904 seconds 
========================================================================
Received Import Request.
  Time since last request: 0.000011 seconds.
  path: Assets/CircuitPuzzle/Dependencies/Scripts/Editor/Puzzle/PuzzleSettingsInspector.cs
  artifactKey: Guid(02fdd2388cd28db4f9d80864df9b69b2) Importer(815301076,1909f56bfc062723c751e8b465ee728b)
Start importing Assets/CircuitPuzzle/Dependencies/Scripts/Editor/Puzzle/PuzzleSettingsInspector.cs using Guid(02fdd2388cd28db4f9d80864df9b69b2) Importer(815301076,1909f56bfc062723c751e8b465ee728b)  -> (artifact id: '3d6f4ac20c758b987bb1d733b0513fe6') in 0.003181 seconds 
========================================================================
Received Import Request.
  Time since last request: 0.000016 seconds.
  path: Assets/CircuitPuzzle/Dependencies/Scripts/IngameFunctionality/Puzzle/GroupedEndingEvents.cs
  artifactKey: Guid(b0f7494f334bd45448a26bf908d28dbe) Importer(815301076,1909f56bfc062723c751e8b465ee728b)
Start importing Assets/CircuitPuzzle/Dependencies/Scripts/IngameFunctionality/Puzzle/GroupedEndingEvents.cs using Guid(b0f7494f334bd45448a26bf908d28dbe) Importer(815301076,1909f56bfc062723c751e8b465ee728b)  -> (artifact id: 'a02a8fbd79072cc1e0bec4f1c9818abc') in 0.003292 seconds 
========================================================================
Received Import Request.
  Time since last request: 0.000016 seconds.
  path: Assets/CircuitPuzzle/Dependencies/Prefabs/Pieces/Start Piece.prefab
  artifactKey: Guid(18018df1f9bffad44970125f54eabb17) Importer(815301076,1909f56bfc062723c751e8b465ee728b)
Start importing Assets/CircuitPuzzle/Dependencies/Prefabs/Pieces/Start Piece.prefab using Guid(18018df1f9bffad44970125f54eabb17) Importer(815301076,1909f56bfc062723c751e8b465ee728b)  -> (artifact id: '54a217371eb67ab99e1f311176a24e6b') in 0.012267 seconds 
========================================================================
Received Import Request.
  Time since last request: 0.000021 seconds.
  path: Assets/CircuitPuzzle/Dependencies/Mini First Person Controller/Scripts
  artifactKey: Guid(efcc2f8b689b7c547a119dac5cf66a98) Importer(815301076,1909f56bfc062723c751e8b465ee728b)
Start importing Assets/CircuitPuzzle/Dependencies/Mini First Person Controller/Scripts using Guid(efcc2f8b689b7c547a119dac5cf66a98) Importer(815301076,1909f56bfc062723c751e8b465ee728b)  -> (artifact id: 'bdf451ba994e835e8335928c4e8405a0') in 0.003233 seconds 
========================================================================
Received Import Request.
  Time since last request: 0.000014 seconds.
  path: Assets/CircuitPuzzle/Dependencies/Prefabs/User Model Testing/Powered/Straight Piece.prefab
  artifactKey: Guid(b88a80f210bffb045aa17252daf29920) Importer(815301076,1909f56bfc062723c751e8b465ee728b)
Start importing Assets/CircuitPuzzle/Dependencies/Prefabs/User Model Testing/Powered/Straight Piece.prefab using Guid(b88a80f210bffb045aa17252daf29920) Importer(815301076,1909f56bfc062723c751e8b465ee728b)  -> (artifact id: '17684f3f91d6e42684769114e4932f11') in 0.007590 seconds 
========================================================================
Received Import Request.
  Time since last request: 0.000015 seconds.
  path: Assets/CircuitPuzzle/Dependencies/Materials/Pieces/Custom Testing/End.mat
  artifactKey: Guid(691078a9cfd30944fab24a992ef55a33) Importer(815301076,1909f56bfc062723c751e8b465ee728b)
Start importing Assets/CircuitPuzzle/Dependencies/Materials/Pieces/Custom Testing/End.mat using Guid(691078a9cfd30944fab24a992ef55a33) Importer(815301076,1909f56bfc062723c751e8b465ee728b)  -> (artifact id: 'a6668dcabc2d2dfd1911059164e56012') in 0.007481 seconds 
========================================================================
Received Import Request.
  Time since last request: 0.000015 seconds.
  path: Assets/CircuitPuzzle/Dependencies/Scripts/PuzzleCreation/Board/GroupedEndingWarning.cs
  artifactKey: Guid(fdd049c54e14ac644bec530d60d69440) Importer(815301076,1909f56bfc062723c751e8b465ee728b)
Start importing Assets/CircuitPuzzle/Dependencies/Scripts/PuzzleCreation/Board/GroupedEndingWarning.cs using Guid(fdd049c54e14ac644bec530d60d69440) Importer(815301076,1909f56bfc062723c751e8b465ee728b)  -> (artifact id: '398d629a026ab6bc42ab5200e1565baa') in 0.005247 seconds 
========================================================================
Received Import Request.
  Time since last request: 0.000017 seconds.
  path: Assets/CircuitPuzzle/Dependencies/TextMesh Pro/Shaders/TMP_SDF-Surface.shader
  artifactKey: Guid(f7ada0af4f174f0694ca6a487b8f543d) Importer(815301076,1909f56bfc062723c751e8b465ee728b)
Start importing Assets/CircuitPuzzle/Dependencies/TextMesh Pro/Shaders/TMP_SDF-Surface.shader using Guid(f7ada0af4f174f0694ca6a487b8f543d) Importer(815301076,1909f56bfc062723c751e8b465ee728b)  -> (artifact id: 'b57d6c070ccbc8a49371706764fbd182') in 0.052494 seconds 
========================================================================
Received Import Request.
  Time since last request: 0.000017 seconds.
  path: Assets/CircuitPuzzle/Dependencies/TextMesh Pro/Resources/Fonts & Materials/LiberationSans SDF - Fallback.asset
  artifactKey: Guid(2e498d1c8094910479dc3e1b768306a4) Importer(815301076,1909f56bfc062723c751e8b465ee728b)
Start importing Assets/CircuitPuzzle/Dependencies/TextMesh Pro/Resources/Fonts & Materials/LiberationSans SDF - Fallback.asset using Guid(2e498d1c8094910479dc3e1b768306a4) Importer(815301076,1909f56bfc062723c751e8b465ee728b)  -> (artifact id: '72651994cc6b2bd0131ba7f3a80295a5') in 0.011709 seconds 
========================================================================
Received Import Request.
  Time since last request: 0.000015 seconds.
  path: Assets/CircuitPuzzle/Dependencies/Materials/Power Status/PowerStatusBase.mat
  artifactKey: Guid(2aab37fa609e01843946269f895f44fc) Importer(815301076,1909f56bfc062723c751e8b465ee728b)
Start importing Assets/CircuitPuzzle/Dependencies/Materials/Power Status/PowerStatusBase.mat using Guid(2aab37fa609e01843946269f895f44fc) Importer(815301076,1909f56bfc062723c751e8b465ee728b)  -> (artifact id: '1b9fed6b3a7b970fed59adae295d26fc') in 0.008866 seconds 
========================================================================
Received Import Request.
  Time since last request: 0.000021 seconds.
  path: Assets/CircuitPuzzle/Dependencies/Mini First Person Controller/Audio/Crouch
  artifactKey: Guid(52be4a3a9bfd6b94eb6e06f83779f5ff) Importer(815301076,1909f56bfc062723c751e8b465ee728b)
Start importing Assets/CircuitPuzzle/Dependencies/Mini First Person Controller/Audio/Crouch using Guid(52be4a3a9bfd6b94eb6e06f83779f5ff) Importer(815301076,1909f56bfc062723c751e8b465ee728b)  -> (artifact id: 'c4ce6e731df0470828a13f361ac83567') in 0.004850 seconds 
========================================================================
Received Import Request.
  Time since last request: 0.002791 seconds.
  path: Assets/CircuitPuzzle/Dependencies/Mini First Person Controller/Audio/Crouch/Crouch end 1.wav
  artifactKey: Guid(aac7fe48a39af6e46a2d48c5d2655976) Importer(815301076,1909f56bfc062723c751e8b465ee728b)
Start importing Assets/CircuitPuzzle/Dependencies/Mini First Person Controller/Audio/Crouch/Crouch end 1.wav using Guid(aac7fe48a39af6e46a2d48c5d2655976) Importer(815301076,1909f56bfc062723c751e8b465ee728b)  -> (artifact id: 'af3e090442bdb991d9ef8df7da431877') in 0.007116 seconds 
========================================================================
Received Import Request.
  Time since last request: 0.000013 seconds.
  path: Assets/CircuitPuzzle/Dependencies/Scripts/PuzzleCreation/Board/PuzzleCreator.cs
  artifactKey: Guid(7948592155ae88b4fabf5749748248f5) Importer(815301076,1909f56bfc062723c751e8b465ee728b)
Start importing Assets/CircuitPuzzle/Dependencies/Scripts/PuzzleCreation/Board/PuzzleCreator.cs using Guid(7948592155ae88b4fabf5749748248f5) Importer(815301076,1909f56bfc062723c751e8b465ee728b)  -> (artifact id: 'ea8c2e24030cbda7d3513fe50b06fa17') in 0.003119 seconds 
========================================================================
Received Import Request.
  Time since last request: 0.000011 seconds.
  path: Assets/CircuitPuzzle/Dependencies/Mini First Person Controller/Audio
  artifactKey: Guid(99e4c92d4c395a74aa163e79c8149872) Importer(815301076,1909f56bfc062723c751e8b465ee728b)
Start importing Assets/CircuitPuzzle/Dependencies/Mini First Person Controller/Audio using Guid(99e4c92d4c395a74aa163e79c8149872) Importer(815301076,1909f56bfc062723c751e8b465ee728b)  -> (artifact id: '93f4d94699eb4fcd6274be1197fd1595') in 0.002942 seconds 
========================================================================
Received Import Request.
  Time since last request: 0.000019 seconds.
  path: Assets/CircuitPuzzle/Dependencies/Mini First Person Controller/Scripts/FirstPersonMovement.cs
  artifactKey: Guid(97fca36bd81de7c4cafce7bbf02ca611) Importer(815301076,1909f56bfc062723c751e8b465ee728b)
Start importing Assets/CircuitPuzzle/Dependencies/Mini First Person Controller/Scripts/FirstPersonMovement.cs using Guid(97fca36bd81de7c4cafce7bbf02ca611) Importer(815301076,1909f56bfc062723c751e8b465ee728b)  -> (artifact id: '1eb9858ad19dab5dfa2d085c4753e5cb') in 0.003575 seconds 
========================================================================
Received Import Request.
  Time since last request: 0.000022 seconds.
  path: Assets/CircuitPuzzle/Dependencies/Prefabs/User Model Testing/Default/End Piece.prefab
  artifactKey: Guid(a91cf0755ba12b541b534aeefdeec7a6) Importer(815301076,1909f56bfc062723c751e8b465ee728b)
Start importing Assets/CircuitPuzzle/Dependencies/Prefabs/User Model Testing/Default/End Piece.prefab using Guid(a91cf0755ba12b541b534aeefdeec7a6) Importer(815301076,1909f56bfc062723c751e8b465ee728b)  -> (artifact id: '763e3f5c878bc0dfbe7c5c749491b3aa') in 0.008228 seconds 
========================================================================
Received Import Request.
  Time since last request: 0.578964 seconds.
  path: Assets/CircuitPuzzle/Dependencies/TextMesh Pro/Resources/TMP Settings.asset
  artifactKey: Guid(3f5b5dff67a942289a9defa416b206f3) Importer(815301076,1909f56bfc062723c751e8b465ee728b)
Start importing Assets/CircuitPuzzle/Dependencies/TextMesh Pro/Resources/TMP Settings.asset using Guid(3f5b5dff67a942289a9defa416b206f3) Importer(815301076,1909f56bfc062723c751e8b465ee728b)  -> (artifact id: '7d39d3b365ae06f4a5d582e5614ba55e') in 0.015804 seconds 
========================================================================
Received Import Request.
  Time since last request: 0.000015 seconds.
  path: Assets/CircuitPuzzle/Dependencies/Materials/Pieces/Custom Testing/Powered.mat
  artifactKey: Guid(50415eb5f54a2864ea4605fa4e567e7d) Importer(815301076,1909f56bfc062723c751e8b465ee728b)
Start importing Assets/CircuitPuzzle/Dependencies/Materials/Pieces/Custom Testing/Powered.mat using Guid(50415eb5f54a2864ea4605fa4e567e7d) Importer(815301076,1909f56bfc062723c751e8b465ee728b)  -> (artifact id: '6bf3c79f15f9e133f2c8d55356a51a7a') in 0.008036 seconds 
========================================================================
Received Import Request.
  Time since last request: 0.000021 seconds.
  path: Assets/CircuitPuzzle/Dependencies/TextMesh Pro/Sprites
  artifactKey: Guid(d0603b6d5186471b96c778c3949c7ce2) Importer(815301076,1909f56bfc062723c751e8b465ee728b)
Start importing Assets/CircuitPuzzle/Dependencies/TextMesh Pro/Sprites using Guid(d0603b6d5186471b96c778c3949c7ce2) Importer(815301076,1909f56bfc062723c751e8b465ee728b)  -> (artifact id: 'b27a52c99a9f8f9ac4f70e63a6bb6f32') in 0.003079 seconds 
========================================================================
Received Import Request.
  Time since last request: 0.000012 seconds.
  path: Assets/CircuitPuzzle/Dependencies/Materials/Pieces/Base/PieceDefaultBorder.mat
  artifactKey: Guid(0f58424a163e6fb459b219713dc4b949) Importer(815301076,1909f56bfc062723c751e8b465ee728b)
Start importing Assets/CircuitPuzzle/Dependencies/Materials/Pieces/Base/PieceDefaultBorder.mat using Guid(0f58424a163e6fb459b219713dc4b949) Importer(815301076,1909f56bfc062723c751e8b465ee728b)  -> (artifact id: '4080f5dcd7bde2036772f0bebe3359aa') in 0.007530 seconds 
========================================================================
Received Import Request.
  Time since last request: 0.000016 seconds.
  path: Assets/CircuitPuzzle/Dependencies/TextMesh Pro/Documentation/TextMesh Pro User Guide 2016.pdf
  artifactKey: Guid(1b8d251f9af63b746bf2f7ffe00ebb9b) Importer(815301076,1909f56bfc062723c751e8b465ee728b)
Start importing Assets/CircuitPuzzle/Dependencies/TextMesh Pro/Documentation/TextMesh Pro User Guide 2016.pdf using Guid(1b8d251f9af63b746bf2f7ffe00ebb9b) Importer(815301076,1909f56bfc062723c751e8b465ee728b)  -> (artifact id: '06d594f0f45c0070f56c2dd42a9bd84c') in 0.007354 seconds 
========================================================================
Received Import Request.
  Time since last request: 0.000015 seconds.
  path: Assets/CircuitPuzzle/Dependencies/Mini First Person Controller/Scripts/Components/GroundCheck.cs
  artifactKey: Guid(084c01ab381b9da4082c1f84cf70751b) Importer(815301076,1909f56bfc062723c751e8b465ee728b)
Start importing Assets/CircuitPuzzle/Dependencies/Mini First Person Controller/Scripts/Components/GroundCheck.cs using Guid(084c01ab381b9da4082c1f84cf70751b) Importer(815301076,1909f56bfc062723c751e8b465ee728b)  -> (artifact id: 'b67c8fcb49b9bc1e07473fdba017d509') in 0.003138 seconds 
========================================================================
Received Import Request.
  Time since last request: 0.000013 seconds.
  path: Assets/CircuitPuzzle/Dependencies/Scripts/IngameFunctionality/Puzzle/InteractPoint.cs
  artifactKey: Guid(70e9e6816620bcf4b85893fcc46238fb) Importer(815301076,1909f56bfc062723c751e8b465ee728b)
Start importing Assets/CircuitPuzzle/Dependencies/Scripts/IngameFunctionality/Puzzle/InteractPoint.cs using Guid(70e9e6816620bcf4b85893fcc46238fb) Importer(815301076,1909f56bfc062723c751e8b465ee728b)  -> (artifact id: 'c103e6cc11209c6cc5057f4f0359e66b') in 0.003075 seconds 
========================================================================
Received Import Request.
  Time since last request: 0.000015 seconds.
  path: Assets/CircuitPuzzle/Dependencies/TextMesh Pro/Resources
  artifactKey: Guid(243e06394e614e5d99fab26083b707fa) Importer(815301076,1909f56bfc062723c751e8b465ee728b)
Start importing Assets/CircuitPuzzle/Dependencies/TextMesh Pro/Resources using Guid(243e06394e614e5d99fab26083b707fa) Importer(815301076,1909f56bfc062723c751e8b465ee728b)  -> (artifact id: '73107d1020a62e3def86c468d2a05456') in 0.003154 seconds 
